[11:14:00] [main/WARN]: Ambiguity between arguments [teleport, destination] and [teleport, targets] with inputs: [Player, 0123, @e, dd12be42-52a9-4a91-a8a1-11c01849e498]
[11:14:00] [main/WARN]: Ambiguity between arguments [teleport, location] and [teleport, destination] with inputs: [0.1 -0.5 .9, 0 0 0]
[11:14:00] [main/WARN]: Ambiguity between arguments [teleport, location] and [teleport, targets] with inputs: [0.1 -0.5 .9, 0 0 0]
[11:14:00] [main/WARN]: Ambiguity between arguments [teleport, targets] and [teleport, destination] with inputs: [Player, 0123, dd12be42-52a9-4a91-a8a1-11c01849e498]
[11:14:00] [main/WARN]: Ambiguity between arguments [teleport, targets, location] and [teleport, targets, destination] with inputs: [0.1 -0.5 .9, 0 0 0]
[11:14:00] [main/INFO]: Reloading ResourceManager: Default, double shulker shells v1.2.0.zip, dragon drops v1.2.0.zip, durability ping v1.1.0.zip, more mob heads v2.3.0.zip, nether portal coords v1.0.0.zip, wandering trades v1.0.0.zip, armor statues v2.8.1.zip, multiplayer sleep v2.4.3.zip
[11:14:03] [Worker-Main-8/INFO]: Loaded 7 recipes
[11:14:03] [Worker-Main-8/WARN]: Datapack tried to redefine minecraft:empty loot table, ignoring
[11:14:04] [Worker-Main-8/ERROR]: Parsing error loading custom advancement main:main/namespace: Expected item to be an item, was unknown string 'minecraft:item'
[11:14:04] [Worker-Main-8/INFO]: Loaded 974 advancements
[11:14:06] [Server thread/INFO]: Starting minecraft server version 1.16.2
[11:14:06] [Server thread/INFO]: Loading properties
[11:14:06] [Server thread/INFO]: Default game type: SURVIVAL
[11:14:06] [Server thread/INFO]: Generating keypair
[11:14:07] [Server thread/INFO]: Starting Minecraft server on *:25565
[11:14:07] [Server thread/INFO]: Using default channel type
[11:14:12] [Server thread/WARN]: **** SERVER IS RUNNING IN OFFLINE/INSECURE MODE!
[11:14:12] [Server thread/WARN]: The server will make no attempt to authenticate usernames. Beware.
[11:14:12] [Server thread/WARN]: While this makes the game possible to play without internet access, it also opens up the ability for hackers to connect with any username they choose.
[11:14:12] [Server thread/WARN]: To change this, set "online-mode" to "true" in the server.properties file.
[11:14:12] [Server thread/INFO]: Preparing level "world"
[11:14:12] [Server thread/INFO]: Preparing start region for dimension minecraft:overworld
[11:14:14] [Server thread/INFO]: Preparing spawn area: 0%
[11:14:14] [Server thread/INFO]: Preparing spawn area: 0%
[11:14:14] [Server thread/INFO]: Preparing spawn area: 0%
[11:14:14] [Server thread/INFO]: Preparing spawn area: 0%
[11:14:14] [Server thread/INFO]: Preparing spawn area: 0%
[11:14:15] [Server thread/INFO]: Preparing spawn area: 0%
[11:14:15] [Server thread/INFO]: Time elapsed: 3496 ms
[11:14:15] [Server thread/INFO]: Done (3.809s)! For help, type "help"
[11:18:10] [Server thread/INFO]: gryffindor_001[/0:0:0:0:0:0:0:1:63052] logged in with entity id 16 at (237.95061662001606, 1.0, -8.573894776538179)
[11:18:10] [Server thread/INFO]: gryffindor_001 joined the game
[11:23:13] [Server thread/INFO]: Scanning for legacy world dragon fight...
[11:23:13] [Server thread/INFO]: Found that the dragon has been killed in this world already.
[11:26:59] [Server thread/INFO]: [Server] ye kya kyu likha aa raha
[11:27:05] [Server thread/INFO]: <gryffindor_001> kya
[11:27:12] [Server thread/INFO]: <gryffindor_001> likh aa rha
[11:27:17] [Server thread/INFO]: [Server] dragon chodi
[11:27:26] [Server thread/INFO]: <gryffindor_001> dragon chodi?
[11:27:31] [Server thread/INFO]: <gryffindor_001> pta nhi kya bol rha
[11:31:17] [Server thread/INFO]: gryffindor_001 lost connection: Disconnected
[11:31:17] [Server thread/INFO]: gryffindor_001 left the game
[11:31:57] [Server thread/INFO]: gryffindor_001[/0:0:0:0:0:0:0:1:63157] logged in with entity id 4902 at (-1185.4861122392679, 77.0625, 986.7298583726026)
[11:31:57] [Server thread/INFO]: gryffindor_001 joined the game
[11:35:02] [Server thread/INFO]: insayn[/0:0:0:0:0:0:0:1:63176] logged in with entity id 5956 at (-1631.0056410418097, 63.0, 124.88967217303609)
[11:35:02] [Server thread/INFO]: insayn joined the game
[11:35:18] [Server thread/INFO]: <insayn> kya hi
[11:35:21] [Server thread/INFO]: <gryffindor_001> hallo
[11:39:56] [Server thread/WARN]: gryffindor_001 moved too quickly! 2196.6024289003144,39.58000001311302,257.9151392187445
[11:39:56] [Server thread/WARN]: Entity aah['gryffindor_001'/4902, l='ServerLevel[litcraft]', x=100.50, y=49.00, z=0.50] left loaded chunk area
[11:41:11] [Server thread/INFO]: gryffindor_001 lost connection: Disconnected
[11:41:11] [Server thread/INFO]: gryffindor_001 left the game
[11:41:11] [Server thread/INFO]: insayn lost connection: Disconnected
[11:41:11] [Server thread/INFO]: insayn left the game
[11:41:31] [Server thread/INFO]: insayn[/0:0:0:0:0:0:0:1:63252] logged in with entity id 8938 at (-1611.0613066829117, 67.0, 130.80541394835444)
[11:41:31] [Server thread/INFO]: insayn joined the game
[11:41:33] [Server thread/INFO]: gryffindor_001[/0:0:0:0:0:0:0:1:63254] logged in with entity id 9138 at (238.25918255030243, 1.0, -6.290849753019928)
[11:41:33] [Server thread/INFO]: gryffindor_001 joined the game
[11:41:36] [Server thread/INFO]: <insayn> kya hi
[11:41:40] [Server thread/INFO]: <gryffindor_001> laag
[11:47:47] [Server thread/INFO]: insayn lost connection: Disconnected
[11:47:47] [Server thread/INFO]: insayn left the game
[11:47:47] [Server thread/WARN]: handleDisconnection() called twice
[11:47:49] [Server thread/INFO]: gryffindor_001 lost connection: Timed out
[11:47:49] [Server thread/INFO]: gryffindor_001 left the game
[11:49:23] [Server thread/INFO]: gryffindor_001[/0:0:0:0:0:0:0:1:63319] logged in with entity id 13454 at (238.50227511771018, 1.0, -8.56860264062728)
[11:49:23] [Server thread/INFO]: gryffindor_001 joined the game
[11:49:23] [Server thread/INFO]: insayn[/0:0:0:0:0:0:0:1:63320] logged in with entity id 13677 at (-207.30091478100871, 71.0, -162.3959881268099)
[11:49:23] [Server thread/INFO]: insayn joined the game
[11:51:18] [Server thread/WARN]: Can't keep up! Is the server overloaded? Running 2276ms or 45 ticks behind
[11:51:39] [Server thread/WARN]: Can't keep up! Is the server overloaded? Running 5670ms or 113 ticks behind
[11:51:51] [Server thread/INFO]: pigmeister[/192.168.0.9:63446] logged in with entity id 15099 at (-40.88699367217442, 13.0, -741.1216883133617)
[11:51:51] [Server thread/INFO]: pigmeister joined the game
[11:51:54] [Server thread/INFO]: <insayn> halo
[11:51:57] [Server thread/INFO]: <gryffindor_001> hallo
[11:52:02] [Server thread/INFO]: <pigmeister> hanlo
[11:52:05] [Server thread/WARN]: Can't keep up! Is the server overloaded? Running 2002ms or 40 ticks behind
[11:52:23] [Server thread/WARN]: Can't keep up! Is the server overloaded? Running 3189ms or 63 ticks behind
[11:53:23] [Server thread/WARN]: Can't keep up! Is the server overloaded? Running 2015ms or 40 ticks behind
[11:53:47] [Server thread/WARN]: Can't keep up! Is the server overloaded? Running 9160ms or 183 ticks behind
[11:54:12] [Server thread/WARN]: Can't keep up! Is the server overloaded? Running 9289ms or 185 ticks behind
[11:54:37] [Server thread/WARN]: Can't keep up! Is the server overloaded? Running 10859ms or 217 ticks behind
[11:55:00] [Server thread/WARN]: Can't keep up! Is the server overloaded? Running 7922ms or 158 ticks behind
[11:55:14] [Server thread/INFO]: <insayn> kya hi sa karrre ?
[11:55:16] [Server thread/INFO]: <insayn> pig
[11:55:27] [Server thread/WARN]: Can't keep up! Is the server overloaded? Running 11670ms or 233 ticks behind
[11:55:30] [Server thread/INFO]: <pigmeister> ab tak bed nahi khatam horahe
[11:55:34] [Server thread/INFO]: <insayn> kya hi
[11:55:51] [Server thread/WARN]: Can't keep up! Is the server overloaded? Running 9336ms or 186 ticks behind
[11:56:19] [Server thread/WARN]: Can't keep up! Is the server overloaded? Running 13206ms or 264 ticks behind
[11:56:48] [Server thread/WARN]: Can't keep up! Is the server overloaded? Running 13970ms or 279 ticks behind
[11:57:19] [Server thread/WARN]: Can't keep up! Is the server overloaded? Running 15626ms or 312 ticks behind
[11:57:42] [Server thread/WARN]: Can't keep up! Is the server overloaded? Running 8372ms or 167 ticks behind
[11:58:06] [Server thread/WARN]: Can't keep up! Is the server overloaded? Running 8869ms or 177 ticks behind
[11:58:29] [Server thread/WARN]: Can't keep up! Is the server overloaded? Running 7809ms or 156 ticks behind
[11:58:58] [Server thread/WARN]: Can't keep up! Is the server overloaded? Running 13811ms or 276 ticks behind
[11:59:02] [Server thread/WARN]: insayn moved too quickly! -9.702190089148417,-1.044812420399012,-2.9370027658753486
[11:59:19] [Server thread/WARN]: Can't keep up! Is the server overloaded? Running 6385ms or 127 ticks behind
[11:59:40] [Server thread/WARN]: Can't keep up! Is the server overloaded? Running 5969ms or 119 ticks behind
[12:00:01] [Server thread/WARN]: Can't keep up! Is the server overloaded? Running 6249ms or 124 ticks behind
[12:00:23] [Server thread/WARN]: Can't keep up! Is the server overloaded? Running 6916ms or 138 ticks behind
[12:00:46] [Server thread/WARN]: Can't keep up! Is the server overloaded? Running 8193ms or 163 ticks behind
[12:01:08] [Server thread/WARN]: Can't keep up! Is the server overloaded? Running 6361ms or 127 ticks behind
[12:01:30] [Server thread/WARN]: Can't keep up! Is the server overloaded? Running 7049ms or 140 ticks behind
[12:01:52] [Server thread/WARN]: Can't keep up! Is the server overloaded? Running 7744ms or 154 ticks behind
[12:02:12] [Server thread/WARN]: Can't keep up! Is the server overloaded? Running 4796ms or 95 ticks behind
[12:02:42] [Server thread/WARN]: Can't keep up! Is the server overloaded? Running 2119ms or 42 ticks behind
[12:03:00] [Server thread/WARN]: Can't keep up! Is the server overloaded? Running 3300ms or 66 ticks behind
[12:03:07] [Server thread/WARN]: gryffindor_001 moved too quickly! 2196.3712133933045,39.58000001311302,258.54560950379994
[12:03:07] [Server thread/WARN]: Entity aah['gryffindor_001'/13454, l='ServerLevel[litcraft]', x=100.50, y=49.00, z=0.50] left loaded chunk area
[12:08:21] [Server thread/WARN]: Mismatch in destroy block pos: fx{x=-64, y=12, z=-845} fx{x=-64, y=12, z=-844}
[12:10:24] [Server thread/WARN]: Can't keep up! Is the server overloaded? Running 2007ms or 40 ticks behind
[12:10:27] [Server thread/WARN]: Mismatch in destroy block pos: fx{x=-73, y=13, z=-865} fx{x=-64, y=13, z=-869}
[12:13:05] [Server thread/INFO]: yugraj1234[/0:0:0:0:0:0:0:1:63498] logged in with entity id 28140 at (-1220.012499988079, 96.0, 1035.4068756507615)
[12:13:05] [Server thread/INFO]: yugraj1234 joined the game
[12:13:09] [Server thread/INFO]: <pigmeister> halo
[12:13:10] [Server thread/INFO]: <gryffindor_001> halo
[12:13:10] [Server thread/WARN]: Can't keep up! Is the server overloaded? Running 2065ms or 41 ticks behind
[12:13:20] [Server thread/INFO]: <yugraj1234> halo
[12:13:28] [Server thread/INFO]: <insayn> halo
[12:13:31] [Server thread/WARN]: Can't keep up! Is the server overloaded? Running 5187ms or 103 ticks behind
[12:13:56] [Server thread/WARN]: Can't keep up! Is the server overloaded? Running 10743ms or 214 ticks behind
[12:14:24] [Server thread/WARN]: Can't keep up! Is the server overloaded? Running 12687ms or 253 ticks behind
[12:14:54] [Server thread/WARN]: Can't keep up! Is the server overloaded? Running 14647ms or 292 ticks behind
[12:15:23] [Server thread/WARN]: Can't keep up! Is the server overloaded? Running 13967ms or 279 ticks behind
[12:15:52] [Server thread/WARN]: Can't keep up! Is the server overloaded? Running 14327ms or 286 ticks behind
[12:16:21] [Server thread/WARN]: Can't keep up! Is the server overloaded? Running 14445ms or 288 ticks behind
[12:16:48] [Server thread/WARN]: Can't keep up! Is the server overloaded? Running 11998ms or 239 ticks behind
[12:16:49] [Server thread/INFO]: gryffindor_001 lost connection: Disconnected
[12:16:49] [Server thread/INFO]: gryffindor_001 left the game
[12:16:58] [Server thread/INFO]: gryffindor_001[/0:0:0:0:0:0:0:1:63515] logged in with entity id 30675 at (-1215.5942827719427, 95.0, 1035.037126349134)
[12:16:58] [Server thread/INFO]: gryffindor_001 joined the game
[12:17:15] [Server thread/WARN]: Can't keep up! Is the server overloaded? Running 11485ms or 229 ticks behind
[12:17:43] [Server thread/INFO]: <insayn> ban gaya
[12:17:44] [Server thread/WARN]: Can't keep up! Is the server overloaded? Running 14593ms or 291 ticks behind
[12:17:48] [Server thread/INFO]: <insayn> mandir
[12:17:51] [Server thread/INFO]: yugraj1234 lost connection: Timed out
[12:17:51] [Server thread/INFO]: yugraj1234 left the game
[12:18:08] [Server thread/INFO]: <pigmeister> mandir wahi banaenge
[12:18:11] [Server thread/WARN]: Can't keep up! Is the server overloaded? Running 11504ms or 230 ticks behind
[12:18:16] [Server thread/INFO]: <gryffindor_001> wahi bnaenge
[12:18:36] [Server thread/WARN]: Can't keep up! Is the server overloaded? Running 10368ms or 207 ticks behind
[12:19:02] [Server thread/WARN]: Can't keep up! Is the server overloaded? Running 10792ms or 215 ticks behind
[12:19:07] [Server thread/INFO]: yugraj1234[/0:0:0:0:0:0:0:1:63523] logged in with entity id 31395 at (-1288.3755819473126, 85.0, 1069.249754925214)
[12:19:07] [Server thread/INFO]: yugraj1234 joined the game
[12:19:09] [Server thread/INFO]: <insayn> book banani hai ab pel ke
[12:19:31] [Server thread/WARN]: Can't keep up! Is the server overloaded? Running 14676ms or 293 ticks behind
[12:20:03] [Server thread/WARN]: Can't keep up! Is the server overloaded? Running 17027ms or 340 ticks behind
[12:20:15] [Server thread/WARN]: insayn moved wrongly!
[12:20:18] [Server thread/INFO]: <gryffindor_001> nic
[12:20:24] [Server thread/INFO]: <gryffindor_001> check kr ra tha
[12:20:30] [Server thread/WARN]: Can't keep up! Is the server overloaded? Running 11829ms or 236 ticks behind
[12:20:58] [Server thread/WARN]: Can't keep up! Is the server overloaded? Running 12860ms or 257 ticks behind
[12:21:27] [Server thread/WARN]: Can't keep up! Is the server overloaded? Running 13665ms or 273 ticks behind
[12:21:57] [Server thread/WARN]: Can't keep up! Is the server overloaded? Running 15773ms or 315 ticks behind
[12:22:27] [Server thread/INFO]: <insayn> afk hona padega
[12:22:31] [Server thread/INFO]: <insayn> gold farm pe
[12:22:31] [Server thread/WARN]: Can't keep up! Is the server overloaded? Running 19046ms or 380 ticks behind
[12:22:35] [Server thread/INFO]: <insayn> saaman chahiye
[12:22:35] [Server thread/INFO]: <gryffindor_001> han h jao
[12:22:39] [Server thread/INFO]: <insayn> han jara hu
[12:23:04] [Server thread/WARN]: Can't keep up! Is the server overloaded? Running 18020ms or 360 ticks behind
[12:23:12] [Server thread/INFO]: <insayn> kaun chutiya gold farm ke afk platform ki ek glass block tod diya
[12:23:22] [Server thread/INFO]: <pigmeister> gryfindick
[12:23:25] [Server thread/INFO]: <gryffindor_001> ipun
[12:23:29] [Server thread/INFO]: <pigmeister> jhuta sala
[12:23:33] [Server thread/INFO]: <gryffindor_001> pigmeister
[12:23:36] [Server thread/WARN]: Can't keep up! Is the server overloaded? Running 16713ms or 334 ticks behind
[12:23:41] [Server thread/INFO]: <pigmeister> katai gryfindor
[12:23:52] [Server thread/INFO]: <insayn> bosd
[12:23:56] [Server thread/INFO]: <gryffindor_001> ktai pig
[12:24:02] [Server thread/INFO]: <insayn> karlo ni apna karlo
[12:24:06] [Server thread/WARN]: Can't keep up! Is the server overloaded? Running 14702ms or 294 ticks behind
[12:24:09] [Server thread/INFO]: <pigmeister> bhai kaise maza me jhoot bolta hai ye
[12:24:19] [Server thread/INFO]: <insayn> jhooooooota
[12:24:32] [Server thread/INFO]: <insayn> farebi
[12:24:36] [Server thread/WARN]: Can't keep up! Is the server overloaded? Running 15476ms or 309 ticks behind
[12:24:45] [Server thread/INFO]: <pigmeister> fake
[12:24:49] [Server thread/INFO]: <insayn> dhoka
[12:25:02] [Server thread/INFO]: <pigmeister> jhooti liar
[12:25:04] [Server thread/WARN]: Can't keep up! Is the server overloaded? Running 12993ms or 259 ticks behind
[12:25:31] [Server thread/INFO]: <pigmeister> honey singh ka gana sa gane wala tha age ka bhul gya lekin
[12:25:31] [Server thread/WARN]: Can't keep up! Is the server overloaded? Running 12037ms or 240 ticks behind
[12:25:48] [Server thread/INFO]: insayn lost connection: Disconnected
[12:25:48] [Server thread/INFO]: insayn left the game
[12:25:48] [Server thread/INFO]: gryffindor_001 lost connection: Disconnected
[12:25:48] [Server thread/INFO]: gryffindor_001 left the game
[12:25:48] [Server thread/INFO]: yugraj1234 lost connection: Disconnected
[12:25:48] [Server thread/INFO]: yugraj1234 left the game
[12:25:56] [Server thread/WARN]: Can't keep up! Is the server overloaded? Running 9647ms or 192 ticks behind
[12:26:14] [Server thread/INFO]: gryffindor_001[/0:0:0:0:0:0:0:1:63560] logged in with entity id 33607 at (-1211.1454857422725, 67.5326260997151, 866.0788929205554)
[12:26:14] [Server thread/INFO]: gryffindor_001 joined the game
[12:26:16] [Server thread/INFO]: yugraj1234[/0:0:0:0:0:0:0:1:63563] logged in with entity id 33720 at (-1217.5, 95.5625, 1034.5)
[12:26:16] [Server thread/INFO]: yugraj1234 joined the game
[12:26:26] [Server thread/WARN]: Can't keep up! Is the server overloaded? Running 2019ms or 40 ticks behind
[12:26:27] [Server thread/INFO]: <pigmeister> kyahi
[12:26:46] [Server thread/WARN]: Can't keep up! Is the server overloaded? Running 4730ms or 94 ticks behind
[12:27:00] [Server thread/INFO]: yugraj1234 lost connection: Disconnected
[12:27:00] [Server thread/INFO]: yugraj1234 left the game
[12:27:03] [Server thread/INFO]: yugraj1234[/0:0:0:0:0:0:0:1:63568] logged in with entity id 34298 at (-1218.3466208381315, 90.0, 1027.7130802809952)
[12:27:03] [Server thread/INFO]: yugraj1234 joined the game
[12:27:07] [Server thread/WARN]: Can't keep up! Is the server overloaded? Running 5933ms or 118 ticks behind
[12:27:18] [Server thread/INFO]: yugraj1234 lost connection: Timed out
[12:27:18] [Server thread/INFO]: yugraj1234 left the game
[12:27:26] [Server thread/INFO]: yugraj1234[/0:0:0:0:0:0:0:1:63570] logged in with entity id 34359 at (-1214.6901506487964, 90.41999998688698, 1028.596336848374)
[12:27:26] [Server thread/INFO]: yugraj1234 joined the game
[12:27:28] [Server thread/WARN]: Can't keep up! Is the server overloaded? Running 5692ms or 113 ticks behind
[12:27:41] [Server thread/INFO]: yugraj1234 lost connection: Timed out
[12:27:41] [Server thread/INFO]: yugraj1234 left the game
[12:27:46] [Server thread/INFO]: yugraj1234[/0:0:0:0:0:0:0:1:63574] logged in with entity id 34506 at (-1226.895782193693, 91.17675927506424, 1027.3707754275028)
[12:27:46] [Server thread/INFO]: yugraj1234 joined the game
[12:27:47] [Server thread/WARN]: Can't keep up! Is the server overloaded? Running 4848ms or 96 ticks behind
[12:28:01] [Server thread/INFO]: yugraj1234 lost connection: Timed out
[12:28:01] [Server thread/INFO]: yugraj1234 left the game
[12:28:08] [Server thread/WARN]: Can't keep up! Is the server overloaded? Running 5616ms or 112 ticks behind
[12:28:09] [Server thread/INFO]: insayn[/0:0:0:0:0:0:0:1:63578] logged in with entity id 34697 at (-155.91986704769394, 256.0, 97.6116084995019)
[12:28:09] [Server thread/INFO]: insayn joined the game
[12:28:14] [Server thread/INFO]: <insayn> kya sa hi
[12:28:26] [Server thread/INFO]: yugraj1234[/0:0:0:0:0:0:0:1:63581] logged in with entity id 34919 at (-1226.895782193693, 91.17675927506424, 1027.3707754275028)
[12:28:26] [Server thread/INFO]: yugraj1234 joined the game
[12:28:32] [Server thread/WARN]: Can't keep up! Is the server overloaded? Running 9221ms or 184 ticks behind
[12:28:38] [Server thread/INFO]: <gryffindor_001> class join krlo
[12:28:39] [Server thread/INFO]: <pigmeister> ye konse nashe kar rha h
[12:28:39] [Server thread/INFO]: <gryffindor_001> sb
[12:28:41] [Server thread/INFO]: yugraj1234 lost connection: Timed out
[12:28:41] [Server thread/INFO]: yugraj1234 left the game
[12:28:41] [Server thread/INFO]: <gryffindor_001> or
[12:28:45] [Server thread/INFO]: <gryffindor_001> attencdance
[12:28:47] [Server thread/INFO]: <gryffindor_001> likh do
[12:28:47] [Server thread/INFO]: <insayn> acha
[12:28:51] [Server thread/INFO]: yugraj1234[/0:0:0:0:0:0:0:1:63583] logged in with entity id 35048 at (-1226.895782193693, 91.17675927506424, 1027.3707754275028)
[12:28:51] [Server thread/INFO]: yugraj1234 joined the game
[12:28:57] [Server thread/WARN]: Can't keep up! Is the server overloaded? Running 9894ms or 197 ticks behind
[12:29:07] [Server thread/INFO]: yugraj1234 lost connection: Timed out
[12:29:07] [Server thread/INFO]: yugraj1234 left the game
[12:29:17] [Server thread/WARN]: Can't keep up! Is the server overloaded? Running 4813ms or 96 ticks behind
[12:29:44] [Server thread/WARN]: Can't keep up! Is the server overloaded? Running 12630ms or 252 ticks behind
[12:29:50] [Server thread/INFO]: yugraj1234[/0:0:0:0:0:0:0:1:63636] logged in with entity id 35365 at (-1226.895782193693, 91.17675927506424, 1027.3707754275028)
[12:29:50] [Server thread/INFO]: yugraj1234 joined the game
[12:30:06] [Server thread/WARN]: Can't keep up! Is the server overloaded? Running 6897ms or 137 ticks behind
[12:30:24] [Server thread/INFO]: <insayn> bc gold farm kyu band hora aajkl
[12:30:30] [Server thread/WARN]: Can't keep up! Is the server overloaded? Running 8447ms or 168 ticks behind
[12:31:02] [Server thread/INFO]: <pigmeister> afk karo bhai ache se
[12:31:02] [Server thread/WARN]: Can't keep up! Is the server overloaded? Running 17472ms or 349 ticks behind
[12:31:33] [Server thread/WARN]: Can't keep up! Is the server overloaded? Running 15540ms or 310 ticks behind
[12:32:07] [Server thread/WARN]: Can't keep up! Is the server overloaded? Running 19179ms or 383 ticks behind
[12:32:10] [Server thread/INFO]: <gryffindor_001> chlo ab netherite mine krenge
[12:32:23] [Server thread/INFO]: <pigmeister> nahi kharid rahe aisa
[12:32:28] [Server thread/INFO]: <gryffindor_001> han
[12:32:31] [Server thread/INFO]: <pigmeister> kyahi
[12:32:36] [Server thread/WARN]: Can't keep up! Is the server overloaded? Running 14178ms or 283 ticks behind
[12:32:39] [Server thread/INFO]: <gryffindor_001> ho ho ho
[12:32:47] [Server thread/INFO]: <insayn> are mere de dena
[12:32:47] [Server thread/INFO]: <gryffindor_001> mtbl ek bar try krte h wrna
[12:32:49] [Server thread/INFO]: <gryffindor_001> khrid lenge
[12:33:05] [Server thread/INFO]: <insayn> bhai mob spawn hi na hore
[12:33:08] [Server thread/WARN]: Can't keep up! Is the server overloaded? Running 17318ms or 346 ticks behind
[12:33:14] [Server thread/INFO]: <gryffindor_001> dekh rhe pig
[12:33:16] [Server thread/INFO]: <pigmeister> afk nahi karna ata tumhe
[12:33:19] [Server thread/INFO]: <insayn> dheere dheere se hore
[12:33:33] [Server thread/INFO]: <insayn> kya hi bhaai
[12:33:40] [Server thread/WARN]: Can't keep up! Is the server overloaded? Running 16744ms or 334 ticks behind
[12:33:52] [Server thread/INFO]: <insayn> jabse ye gryff ne neeche banaya hai isme chod ho gai hai
[12:33:57] [Server thread/INFO]: <insayn> pehele ekdm faad chlta tha
[12:34:02] [Server thread/INFO]: <insayn> mob hi mob
[12:34:06] [Server thread/INFO]: <insayn> ab sala loda
[12:34:08] [Server thread/WARN]: Can't keep up! Is the server overloaded? Running 12561ms or 251 ticks behind
[12:34:33] [Server thread/WARN]: Mismatch in destroy block pos: fx{x=-135, y=30, z=95} fx{x=-136, y=30, z=95}
[12:34:36] [Server thread/WARN]: Can't keep up! Is the server overloaded? Running 13562ms or 271 ticks behind
[12:34:51] [Server thread/INFO]: yugraj1234 lost connection: Timed out
[12:34:51] [Server thread/INFO]: yugraj1234 left the game
[12:34:57] [Server thread/WARN]: Can't keep up! Is the server overloaded? Running 6312ms or 126 ticks behind
[12:35:04] [Server thread/INFO]: <pigmeister> are sab alag alag se jagah me hain to shayad mobs spawn divide sa ho gaya hoga
[12:35:13] [Server thread/INFO]: <gryffindor_001> han
[12:35:16] [Server thread/WARN]: Can't keep up! Is the server overloaded? Running 2034ms or 40 ticks behind
[12:35:34] [Server thread/WARN]: Can't keep up! Is the server overloaded? Running 2028ms or 40 ticks behind
[12:35:53] [Server thread/WARN]: Can't keep up! Is the server overloaded? Running 4808ms or 96 ticks behind
[12:36:04] [Server thread/INFO]: yugraj1234[/0:0:0:0:0:0:0:1:63735] logged in with entity id 37676 at (-1215.0062568827473, 76.0, 1000.4717675861738)
[12:36:04] [Server thread/INFO]: yugraj1234 joined the game
[12:36:16] [Server thread/INFO]: <pigmeister> bhai kya kar rha hai yugraj
[12:36:23] [Server thread/WARN]: Can't keep up! Is the server overloaded? Running 15052ms or 301 ticks behind
[12:36:24] [Server thread/INFO]: <gryffindor_001> are ho gya uska khtm
[12:36:33] [Server thread/INFO]: <pigmeister> data
[12:36:34] [Server thread/INFO]: <gryffindor_001> iss treeke s itni dino tk hi kam krega
[12:36:34] [Server thread/INFO]: yugraj1234 lost connection: Timed out
[12:36:34] [Server thread/INFO]: yugraj1234 left the game
[12:36:36] [Server thread/INFO]: <pigmeister> abhi se
[12:36:40] [Server thread/INFO]: <gryffindor_001> ye treeka gya
[12:36:46] [Server thread/WARN]: Can't keep up! Is the server overloaded? Running 7291ms or 145 ticks behind
[12:36:52] [Server thread/INFO]: yugraj1234[/0:0:0:0:0:0:0:1:63741] logged in with entity id 38019 at (-1210.300000011921, 76.0, 1016.3277931285313)
[12:36:52] [Server thread/INFO]: yugraj1234 joined the game
[12:37:10] [Server thread/WARN]: Can't keep up! Is the server overloaded? Running 9166ms or 183 ticks behind
[12:37:47] [Server thread/WARN]: Can't keep up! Is the server overloaded? Running 21833ms or 436 ticks behind
[12:38:21] [Server thread/WARN]: Can't keep up! Is the server overloaded? Running 19333ms or 386 ticks behind
[12:38:56] [Server thread/WARN]: Can't keep up! Is the server overloaded? Running 19674ms or 393 ticks behind
[12:39:22] [Server thread/WARN]: Can't keep up! Is the server overloaded? Running 11884ms or 237 ticks behind
[12:39:30] [Server thread/WARN]: gryffindor_001 moved too quickly! 0.11648819064365057,0.0,-10.137521303458385
[12:39:49] [Server thread/WARN]: Can't keep up! Is the server overloaded? Running 11394ms or 227 ticks behind
[12:40:15] [Server thread/WARN]: Can't keep up! Is the server overloaded? Running 11018ms or 220 ticks behind
[12:40:16] [Server thread/INFO]: <insayn> bc yaha na are mobs
[12:40:20] [Server thread/INFO]: <insayn> koi faida nahi abhi
[12:40:27] [Server thread/INFO]: <insayn> jab akela hoga server pe
[12:40:30] [Server thread/INFO]: <insayn> tab
[12:40:48] [Server thread/WARN]: Can't keep up! Is the server overloaded? Running 18178ms or 363 ticks behind
[12:41:23] [Server thread/WARN]: Can't keep up! Is the server overloaded? Running 19972ms or 399 ticks behind
[12:41:56] [Server thread/WARN]: Can't keep up! Is the server overloaded? Running 17858ms or 357 ticks behind
[12:41:56] [Server thread/WARN]: Fetching packet for removed entity bcs['Netherrack'/40056, l='ServerLevel[litcraft]', x=204.68, y=12.74, z=50.32]
[12:41:56] [Server thread/WARN]: Fetching packet for removed entity bcs['Netherrack'/40057, l='ServerLevel[litcraft]', x=204.52, y=11.34, z=50.28]
[12:41:56] [Server thread/WARN]: Fetching packet for removed entity bcs['Netherrack'/40058, l='ServerLevel[litcraft]', x=206.74, y=17.52, z=47.58]
[12:41:56] [Server thread/WARN]: Fetching packet for removed entity bcs['Nether Quartz'/40059, l='ServerLevel[litcraft]', x=206.73, y=12.37, z=50.61]
[12:41:56] [Server thread/WARN]: Fetching packet for removed entity bcs['Netherrack'/40061, l='ServerLevel[litcraft]', x=207.36, y=10.55, z=50.46]
[12:41:56] [Server thread/WARN]: Fetching packet for removed entity bcs['Blackstone'/40063, l='ServerLevel[litcraft]', x=206.71, y=16.28, z=46.37]
[12:41:56] [Server thread/WARN]: Fetching packet for removed entity bcs['Netherrack'/40066, l='ServerLevel[litcraft]', x=206.64, y=17.46, z=49.41]
[12:41:56] [Server thread/WARN]: Fetching packet for removed entity bcs['Netherrack'/40070, l='ServerLevel[litcraft]', x=206.25, y=16.50, z=50.71]
[12:41:59] [Server thread/WARN]: Fetching packet for removed entity bcs['Netherrack'/40202, l='ServerLevel[litcraft]', x=206.27, y=11.38, z=61.34]
[12:41:59] [Server thread/WARN]: Fetching packet for removed entity bcs['Blackstone'/40203, l='ServerLevel[litcraft]', x=208.62, y=10.44, z=56.47]
[12:41:59] [Server thread/WARN]: Fetching packet for removed entity bcs['Netherrack'/40204, l='ServerLevel[litcraft]', x=202.57, y=14.34, z=58.43]
[12:41:59] [Server thread/WARN]: Fetching packet for removed entity bcs['Netherrack'/40206, l='ServerLevel[litcraft]', x=204.41, y=13.53, z=61.58]
[12:41:59] [Server thread/WARN]: Fetching packet for removed entity bcs['Netherrack'/40207, l='ServerLevel[litcraft]', x=207.42, y=9.39, z=60.66]
[12:41:59] [Server thread/WARN]: Fetching packet for removed entity bcs['Netherrack'/40208, l='ServerLevel[litcraft]', x=207.64, y=12.34, z=61.33]
[12:41:59] [Server thread/WARN]: Fetching packet for removed entity bcs['Netherrack'/40209, l='ServerLevel[litcraft]', x=203.46, y=16.40, z=58.27]
[12:41:59] [Server thread/WARN]: Fetching packet for removed entity bcs['Netherrack'/40210, l='ServerLevel[litcraft]', x=207.63, y=12.44, z=60.50]
[12:41:59] [Server thread/WARN]: Fetching packet for removed entity bcs['Netherrack'/40211, l='ServerLevel[litcraft]', x=202.32, y=13.40, z=57.56]
[12:41:59] [Server thread/WARN]: Fetching packet for removed entity bcs['Netherrack'/40212, l='ServerLevel[litcraft]', x=204.42, y=9.60, z=59.51]
[12:41:59] [Server thread/WARN]: Fetching packet for removed entity bcs['Netherrack'/40213, l='ServerLevel[litcraft]', x=207.67, y=9.37, z=59.50]
[12:41:59] [Server thread/WARN]: Fetching packet for removed entity bcs['Netherrack'/40214, l='ServerLevel[litcraft]', x=201.41, y=13.48, z=56.47]
[12:42:02] [Server thread/WARN]: Fetching packet for removed entity bcs['Netherrack'/40256, l='ServerLevel[litcraft]', x=203.25, y=10.33, z=62.70]
[12:42:02] [Server thread/WARN]: Fetching packet for removed entity bcs['Gold Nugget'/40257, l='ServerLevel[litcraft]', x=208.66, y=17.56, z=63.51]
[12:42:02] [Server thread/WARN]: Fetching packet for removed entity bcs['Netherrack'/40259, l='ServerLevel[litcraft]', x=205.47, y=14.65, z=64.36]
[12:42:02] [Server thread/WARN]: Fetching packet for removed entity bcs['Netherrack'/40260, l='ServerLevel[litcraft]', x=205.61, y=15.62, z=64.39]
[12:42:02] [Server thread/WARN]: Fetching packet for removed entity bcs['Netherrack'/40265, l='ServerLevel[litcraft]', x=207.66, y=10.69, z=65.35]
[12:42:02] [Server thread/WARN]: Fetching packet for removed entity bcs['Gold Nugget'/40267, l='ServerLevel[litcraft]', x=208.65, y=16.66, z=64.28]
[12:42:05] [Server thread/WARN]: Fetching packet for removed entity bcs['Netherrack'/40430, l='ServerLevel[litcraft]', x=203.36, y=16.55, z=76.67]
[12:42:05] [Server thread/WARN]: Fetching packet for removed entity bcs['Netherrack'/40431, l='ServerLevel[litcraft]', x=202.50, y=13.38, z=76.33]
[12:42:05] [Server thread/WARN]: Fetching packet for removed entity bcs['Netherrack'/40435, l='ServerLevel[litcraft]', x=203.58, y=9.69, z=75.55]
[12:42:05] [Server thread/WARN]: Fetching packet for removed entity bcs['Netherrack'/40436, l='ServerLevel[litcraft]', x=207.34, y=9.56, z=71.50]
[12:42:05] [Server thread/WARN]: Fetching packet for removed entity bcs['Netherrack'/40437, l='ServerLevel[litcraft]', x=206.41, y=12.36, z=75.40]
[12:42:05] [Server thread/WARN]: Fetching packet for removed entity bcs['Netherrack'/40438, l='ServerLevel[litcraft]', x=203.43, y=9.46, z=73.44]
[12:42:05] [Server thread/WARN]: Fetching packet for removed entity bcs['Gold Nugget'/40439, l='ServerLevel[litcraft]', x=204.33, y=17.29, z=75.51]
[12:42:05] [Server thread/WARN]: Fetching packet for removed entity bcs['Netherrack'/40443, l='ServerLevel[litcraft]', x=205.67, y=11.53, z=77.62]
[12:42:05] [Server thread/WARN]: Fetching packet for removed entity bcs['Netherrack'/40444, l='ServerLevel[litcraft]', x=206.41, y=9.28, z=72.40]
[12:42:11] [Server thread/WARN]: Fetching packet for removed entity bcs['Netherrack'/40803, l='ServerLevel[litcraft]', x=203.62, y=13.62, z=90.49]
[12:42:11] [Server thread/WARN]: Fetching packet for removed entity bcs['Netherrack'/40804, l='ServerLevel[litcraft]', x=207.52, y=16.53, z=93.70]
[12:42:11] [Server thread/WARN]: Fetching packet for removed entity bcs['Flint'/40805, l='ServerLevel[litcraft]', x=203.56, y=16.71, z=90.62]
[12:42:11] [Server thread/WARN]: Fetching packet for removed entity bcs['Gravel'/40806, l='ServerLevel[litcraft]', x=207.32, y=16.67, z=92.60]
[12:42:11] [Server thread/WARN]: Fetching packet for removed entity bcs['Netherrack'/40807, l='ServerLevel[litcraft]', x=203.55, y=16.58, z=93.72]
[12:42:11] [Server thread/WARN]: Fetching packet for removed entity bcs['Netherrack'/40809, l='ServerLevel[litcraft]', x=205.28, y=15.72, z=93.31]
[12:42:11] [Server thread/WARN]: Fetching packet for removed entity bcs['Netherrack'/40810, l='ServerLevel[litcraft]', x=208.53, y=14.72, z=93.50]
[12:42:11] [Server thread/WARN]: Fetching packet for removed entity bcs['Netherrack'/40811, l='ServerLevel[litcraft]', x=204.65, y=12.54, z=92.61]
[12:42:11] [Server thread/WARN]: Fetching packet for removed entity bcs['Netherrack'/40812, l='ServerLevel[litcraft]', x=208.55, y=14.44, z=94.52]
[12:42:11] [Server thread/WARN]: Fetching packet for removed entity bcs['Blackstone'/40813, l='ServerLevel[litcraft]', x=206.40, y=17.58, z=93.52]
[12:42:11] [Server thread/WARN]: Fetching packet for removed entity bcs['Netherrack'/40814, l='ServerLevel[litcraft]', x=208.41, y=12.32, z=91.69]
[12:42:11] [Server thread/WARN]: Fetching packet for removed entity bcs['Netherrack'/40815, l='ServerLevel[litcraft]', x=208.30, y=14.47, z=92.29]
[12:42:11] [Server thread/WARN]: Fetching packet for removed entity bcs['Netherrack'/40816, l='ServerLevel[litcraft]', x=203.26, y=15.62, z=90.69]
[12:42:18] [Server thread/WARN]: Fetching packet for removed entity bcs['Netherrack'/41079, l='ServerLevel[litcraft]', x=210.39, y=13.47, z=107.61]
[12:42:18] [Server thread/WARN]: Fetching packet for removed entity bcs['Netherrack'/41080, l='ServerLevel[litcraft]', x=210.65, y=13.58, z=109.68]
[12:42:18] [Server thread/WARN]: Fetching packet for removed entity bcs['Netherrack'/41081, l='ServerLevel[litcraft]', x=203.31, y=8.73, z=106.66]
[12:42:18] [Server thread/WARN]: Fetching packet for removed entity bcs['Netherrack'/41082, l='ServerLevel[litcraft]', x=202.32, y=12.50, z=106.51]
[12:42:18] [Server thread/WARN]: Fetching packet for removed entity bcs['Netherrack'/41083, l='ServerLevel[litcraft]', x=204.30, y=7.62, z=108.72]
[12:42:18] [Server thread/WARN]: Fetching packet for removed entity bcs['Netherrack'/41084, l='ServerLevel[litcraft]', x=205.47, y=7.60, z=108.32]
[12:42:18] [Server thread/WARN]: Fetching packet for removed entity bcs['Netherrack'/41085, l='ServerLevel[litcraft]', x=203.54, y=10.38, z=110.53]
[12:42:18] [Server thread/WARN]: Fetching packet for removed entity bcs['Netherrack'/41086, l='ServerLevel[litcraft]', x=202.49, y=11.32, z=107.43]
[12:42:18] [Server thread/WARN]: Fetching packet for removed entity bcs['Netherrack'/41087, l='ServerLevel[litcraft]', x=205.37, y=12.63, z=110.27]
[12:42:18] [Server thread/WARN]: Fetching packet for removed entity bcs['Netherrack'/41088, l='ServerLevel[litcraft]', x=207.54, y=14.43, z=108.74]
[12:42:18] [Server thread/WARN]: Fetching packet for removed entity bcs['Netherrack'/41089, l='ServerLevel[litcraft]', x=203.55, y=7.65, z=107.65]
[12:42:18] [Server thread/WARN]: Fetching packet for removed entity bcs['Netherrack'/41090, l='ServerLevel[litcraft]', x=202.32, y=13.29, z=106.47]
[12:42:18] [Server thread/WARN]: Fetching packet for removed entity bcs['Netherrack'/41091, l='ServerLevel[litcraft]', x=208.34, y=9.65, z=110.74]
[12:42:18] [Server thread/WARN]: Fetching packet for removed entity bcs['Netherrack'/41092, l='ServerLevel[litcraft]', x=211.46, y=9.39, z=106.46]
[12:42:18] [Server thread/WARN]: Fetching packet for removed entity bcs['Netherrack'/41093, l='ServerLevel[litcraft]', x=206.72, y=12.33, z=109.73]
[12:42:18] [Server thread/WARN]: Fetching packet for removed entity bcs['Netherrack'/41094, l='ServerLevel[litcraft]', x=207.31, y=10.29, z=110.49]
[12:42:18] [Server thread/WARN]: Fetching packet for removed entity bcs['Netherrack'/41095, l='ServerLevel[litcraft]', x=207.69, y=7.54, z=108.38]
[12:42:18] [Server thread/WARN]: Fetching packet for removed entity bcs['Netherrack'/41096, l='ServerLevel[litcraft]', x=204.53, y=15.33, z=107.59]
[12:42:20] [Server thread/WARN]: Fetching packet for removed entity bcs['Netherrack'/41210, l='ServerLevel[litcraft]', x=207.64, y=16.29, z=115.37]
[12:42:20] [Server thread/WARN]: Fetching packet for removed entity bcs['Netherrack'/41212, l='ServerLevel[litcraft]', x=209.26, y=12.65, z=115.65]
[12:42:20] [Server thread/WARN]: Fetching packet for removed entity bcs['Netherrack'/41215, l='ServerLevel[litcraft]', x=208.26, y=14.66, z=118.36]
[12:42:20] [Server thread/WARN]: Fetching packet for removed entity bcs['Netherrack'/41216, l='ServerLevel[litcraft]', x=207.61, y=14.32, z=119.42]
[12:42:20] [Server thread/WARN]: Fetching packet for removed entity bcs['Netherrack'/41217, l='ServerLevel[litcraft]', x=209.61, y=17.27, z=114.65]
[12:42:20] [Server thread/WARN]: Fetching packet for removed entity bcs['Netherrack'/41218, l='ServerLevel[litcraft]', x=210.61, y=10.25, z=115.41]
[12:42:20] [Server thread/WARN]: Fetching packet for removed entity bcs['Netherrack'/41220, l='ServerLevel[litcraft]', x=206.72, y=17.38, z=117.71]
[12:42:20] [Server thread/WARN]: Fetching packet for removed entity bcs['Netherrack'/41221, l='ServerLevel[litcraft]', x=208.51, y=14.58, z=117.69]
[12:42:20] [Server thread/WARN]: Fetching packet for removed entity bcs['Netherrack'/41222, l='ServerLevel[litcraft]', x=204.75, y=13.61, z=117.50]
[12:42:20] [Server thread/WARN]: Fetching packet for removed entity bcs['Netherrack'/41223, l='ServerLevel[litcraft]', x=207.63, y=12.35, z=118.37]
[12:42:28] [Server thread/WARN]: Fetching packet for removed entity bcs['Netherrack'/41557, l='ServerLevel[litcraft]', x=203.57, y=9.67, z=132.67]
[12:42:32] [Server thread/WARN]: Can't keep up! Is the server overloaded? Running 20926ms or 418 ticks behind
[12:43:01] [Server thread/WARN]: Can't keep up! Is the server overloaded? Running 14695ms or 293 ticks behind
[12:43:34] [Server thread/WARN]: Can't keep up! Is the server overloaded? Running 18058ms or 361 ticks behind
[12:44:08] [Server thread/WARN]: Can't keep up! Is the server overloaded? Running 18932ms or 378 ticks behind
[12:44:44] [Server thread/WARN]: Can't keep up! Is the server overloaded? Running 20909ms or 418 ticks behind
[12:45:17] [Server thread/WARN]: Can't keep up! Is the server overloaded? Running 18215ms or 364 ticks behind
[12:45:38] [Server thread/INFO]: gryffindor_001 lost connection: Disconnected
[12:45:38] [Server thread/INFO]: gryffindor_001 left the game
[12:45:38] [Server thread/INFO]: insayn lost connection: Disconnected
[12:45:38] [Server thread/INFO]: insayn left the game
[12:45:38] [Server thread/INFO]: yugraj1234 lost connection: Disconnected
[12:45:38] [Server thread/INFO]: yugraj1234 left the game
[12:45:40] [Server thread/WARN]: Can't keep up! Is the server overloaded? Running 7667ms or 153 ticks behind
[12:46:58] [Server thread/INFO]: gryffindor_001[/0:0:0:0:0:0:0:1:63834] logged in with entity id 42516 at (205.18237599036425, 20.0, 87.67374771951174)
[12:46:58] [Server thread/INFO]: gryffindor_001 joined the game
[12:47:03] [Server thread/INFO]: yugraj1234[/0:0:0:0:0:0:0:1:63837] logged in with entity id 42891 at (-1212.699999988079, 88.0, 1033.367625753952)
[12:47:03] [Server thread/INFO]: yugraj1234 joined the game
[12:47:08] [Server thread/INFO]: <yugraj1234> kyahi
[12:47:16] [Server thread/WARN]: Can't keep up! Is the server overloaded? Running 2022ms or 40 ticks behind
[12:47:17] [Server thread/INFO]: <pigmeister> kyahi
[12:47:44] [Server thread/WARN]: Can't keep up! Is the server overloaded? Running 12785ms or 255 ticks behind
[12:47:54] [Server thread/WARN]: Ignored advancement 'main:main/as' in progress file .\world\advancements\8d423029-bb7b-398d-a711-66e2c982e320.json - it doesn't exist anymore?
[12:47:54] [Server thread/WARN]: Ignored advancement 'main:main/multiplayer_sleep' in progress file .\world\advancements\8d423029-bb7b-398d-a711-66e2c982e320.json - it doesn't exist anymore?
[12:47:54] [Server thread/WARN]: Ignored advancement 'as:enable' in progress file .\world\advancements\8d423029-bb7b-398d-a711-66e2c982e320.json - it doesn't exist anymore?
[12:47:54] [Server thread/WARN]: Ignored advancement 'multiplayer_sleep:sleep' in progress file .\world\advancements\8d423029-bb7b-398d-a711-66e2c982e320.json - it doesn't exist anymore?
[12:47:54] [Server thread/INFO]: mastergenjutsu[/0:0:0:0:0:0:0:1:63885] logged in with entity id 43420 at (-1645.0550481645287, 63.0, -233.05014945741232)
[12:47:54] [Server thread/INFO]: mastergenjutsu joined the game
[12:47:59] [Server thread/INFO]: <pigmeister> areeeeeeeeeeeeeeeeeeeee
[12:48:02] [Server thread/INFO]: <yugraj1234> guruji
[12:48:04] [Server thread/INFO]: <gryffindor_001> ooooooooooooooooo
[12:48:17] [Server thread/WARN]: Can't keep up! Is the server overloaded? Running 18703ms or 374 ticks behind
[12:48:49] [Server thread/WARN]: Can't keep up! Is the server overloaded? Running 16894ms or 337 ticks behind
[12:49:22] [Server thread/WARN]: Can't keep up! Is the server overloaded? Running 17168ms or 343 ticks behind
[12:49:38] [Server thread/INFO]: <mastergenjutsu> aagaye sir
[12:49:50] [Server thread/WARN]: Can't keep up! Is the server overloaded? Running 13430ms or 268 ticks behind
[12:50:21] [Server thread/WARN]: Can't keep up! Is the server overloaded? Running 15683ms or 313 ticks behind
[12:50:36] [Server thread/INFO]: <mastergenjutsu> kuch kaam he kya sir?
[12:50:54] [Server thread/WARN]: Can't keep up! Is the server overloaded? Running 18502ms or 370 ticks behind
[12:51:29] [Server thread/WARN]: Can't keep up! Is the server overloaded? Running 20257ms or 405 ticks behind
[12:51:36] [Server thread/INFO]: <pigmeister> ignore mardia gaya guruji ko
[12:51:45] [Server thread/INFO]: <gryffindor_001> are mtlb abhi mere pas nhi h
[12:51:57] [Server thread/INFO]: <gryffindor_001> m zra khtrnak jgh pr hun
[12:52:02] [Server thread/WARN]: Can't keep up! Is the server overloaded? Running 17964ms or 359 ticks behind
[12:52:03] [Server thread/INFO]: <pigmeister> kidhar
[12:52:08] [Server thread/INFO]: <mastergenjutsu> oo
[12:52:09] [Server thread/INFO]: <gryffindor_001> nether m lava k beech m
[12:52:25] [Server thread/INFO]: <mastergenjutsu> abhi me hoo kiske ghar per?
[12:52:34] [Server thread/INFO]: <gryffindor_001> kaisa dikhta h
[12:52:36] [Server thread/WARN]: Can't keep up! Is the server overloaded? Running 18922ms or 378 ticks behind
[12:52:37] [Server thread/INFO]: <gryffindor_001> btao thoda sa
[12:52:43] [Server thread/INFO]: <pigmeister> pas me nahi hai kya yugraj
[12:53:15] [Server thread/INFO]: <mastergenjutsu> khet vet he
[12:53:16] [Server thread/WARN]: Can't keep up! Is the server overloaded? Running 24870ms or 497 ticks behind
[12:53:27] [Server thread/INFO]: <mastergenjutsu> upar lamps he usme se jwala nikal rhi
[12:53:42] [Server thread/INFO]: insayn[/0:0:0:0:0:0:0:1:63908] logged in with entity id 45371 at (-155.2354786974395, 192.0, 103.23827549465072)
[12:53:42] [Server thread/INFO]: insayn joined the game
[12:53:47] [Server thread/INFO]: <gryffindor_001> kya ye konsi jgh h?
[12:53:50] [Server thread/WARN]: Can't keep up! Is the server overloaded? Running 18558ms or 371 ticks behind
[12:54:00] [Server thread/INFO]: <pigmeister> tmai bhi yhi bolne wala tha
[12:54:18] [Server thread/WARN]: Can't keep up! Is the server overloaded? Running 13266ms or 265 ticks behind
[12:54:32] [Server thread/INFO]: <mastergenjutsu> tare matlb mashale latak rhi he dabbo me
[12:54:45] [Server thread/INFO]: <insayn> areeeeeeee
[12:54:47] [Server thread/INFO]: <insayn> gurudev
[12:54:50] [Server thread/INFO]: <gryffindor_001> oohh bhai nyi jgh
[12:54:53] [Server thread/INFO]: <gryffindor_001> phuch gye
[12:55:00] [Server thread/INFO]: <mastergenjutsu> yha pe bamboo ki khet he
[12:55:03] [Server thread/WARN]: Can't keep up! Is the server overloaded? Running 29817ms or 596 ticks behind
[12:55:11] [Server thread/INFO]: <pigmeister> are mere khet me hai ky
[12:55:11] [Server thread/INFO]: <gryffindor_001> pg k ghr
[12:55:19] [Server thread/INFO]: <gryffindor_001> ktai ek hi jgh bamboo ugta h
[12:55:30] [Server thread/INFO]: <gryffindor_001> bhut sare bamboo h kya
[12:55:31] [Server thread/INFO]: <mastergenjutsu> ha vhi
[12:55:38] [Server thread/INFO]: <pigmeister> helo
[12:55:39] [Server thread/WARN]: Can't keep up! Is the server overloaded? Running 21207ms or 424 ticks behind
[12:56:21] [Server thread/WARN]: Can't keep up! Is the server overloaded? Running 27682ms or 553 ticks behind
[12:57:04] [Server thread/WARN]: Can't keep up! Is the server overloaded? Running 28049ms or 560 ticks behind
[12:57:19] [Server thread/INFO]: <pigmeister> ram mandir tour
[12:57:26] [Server thread/INFO]: <insayn> mere ghar ho kya
[12:57:29] [Server thread/INFO]: <insayn> ruko aaya
[12:57:31] [Server thread/INFO]: <pigmeister> ha
[12:57:38] [Server thread/INFO]: <pigmeister> ao
[12:57:39] [Server thread/WARN]: Can't keep up! Is the server overloaded? Running 19466ms or 389 ticks behind
[12:57:48] [Server thread/INFO]: <pigmeister> shift
[12:58:10] [Server thread/INFO]: <pigmeister> ye insan ka ghar
[12:58:15] [Server thread/WARN]: Can't keep up! Is the server overloaded? Running 20931ms or 418 ticks behind
[12:58:46] [Server thread/INFO]: <pigmeister> ram mandir joote utaro
[12:58:47] [Server thread/WARN]: Can't keep up! Is the server overloaded? Running 17212ms or 344 ticks behind
[12:59:08] [Server thread/INFO]: <insayn> ganga snaan pehele
[12:59:16] [Server thread/WARN]: Can't keep up! Is the server overloaded? Running 13511ms or 270 ticks behind
[12:59:18] [Server thread/INFO]: <insayn> abhi books or lagani
[12:59:32] [Server thread/INFO]: <insayn> ped wagerah bhi lagane
[12:59:48] [Server thread/WARN]: Can't keep up! Is the server overloaded? Running 17477ms or 349 ticks behind
[12:59:59] [Server thread/INFO]: <pigmeister> yugraj kya kr rha
[13:00:09] [Server thread/INFO]: <pigmeister> yaha par ahimsa
[13:00:13] [Server thread/INFO]: <insayn> maine na kari
[13:00:14] [Server thread/WARN]: Can't keep up! Is the server overloaded? Running 10749ms or 214 ticks behind
[13:00:31] [Server thread/INFO]: <pigmeister> khel bhi rha hai yugraj?
[13:00:38] [Server thread/INFO]: <yugraj1234> yes
[13:00:39] [Server thread/INFO]: <insayn> ha khel to ra
[13:00:40] [Server thread/WARN]: Can't keep up! Is the server overloaded? Running 10898ms or 217 ticks behind
[13:00:45] [Server thread/INFO]: <pigmeister> kaha hi
[13:00:48] [Server thread/INFO]: <insayn> sahi laga guruji
[13:00:54] [Server thread/INFO]: <insayn> thoda bohot ghar
[13:01:04] [Server thread/INFO]: <mastergenjutsu> mast he bhot
[13:01:07] [Server thread/WARN]: Can't keep up! Is the server overloaded? Running 12914ms or 258 ticks behind
[13:01:09] [Server thread/INFO]: <insayn> bc spruce wood laagni
[13:01:10] [Server thread/INFO]: <pigmeister> kaha ho bhai yugraj
[13:01:36] [Server thread/WARN]: Can't keep up! Is the server overloaded? Running 13434ms or 268 ticks behind
[13:01:40] [Server thread/INFO]: <pigmeister> kyahi
[13:02:10] [Server thread/WARN]: Can't keep up! Is the server overloaded? Running 19174ms or 383 ticks behind
[13:02:42] [Server thread/WARN]: Can't keep up! Is the server overloaded? Running 17058ms or 341 ticks behind
[13:03:17] [Server thread/WARN]: Can't keep up! Is the server overloaded? Running 19629ms or 392 ticks behind
[13:03:40] [Server thread/INFO]: <pigmeister> idhar
[13:03:44] [Server thread/WARN]: Can't keep up! Is the server overloaded? Running 12733ms or 254 ticks behind
[13:03:54] [Server thread/INFO]: <gryffindor_001> bhai bhyanak laag ho rha mera
[13:04:09] [Server thread/WARN]: Fetching packet for removed entity bcs['Netherrack'/49678, l='ServerLevel[litcraft]', x=203.73, y=8.44, z=143.39]
[13:04:09] [Server thread/WARN]: Fetching packet for removed entity bcs['Netherrack'/49681, l='ServerLevel[litcraft]', x=203.59, y=10.29, z=142.50]
[13:04:09] [Server thread/WARN]: Fetching packet for removed entity bcs['Netherrack'/49682, l='ServerLevel[litcraft]', x=202.30, y=10.59, z=143.47]
[13:04:09] [Server thread/WARN]: Fetching packet for removed entity bcs['Netherrack'/49684, l='ServerLevel[litcraft]', x=202.34, y=11.34, z=142.48]
[13:04:09] [Server thread/WARN]: Fetching packet for removed entity bcs['Netherrack'/49687, l='ServerLevel[litcraft]', x=202.69, y=12.57, z=141.70]
[13:04:11] [Server thread/WARN]: Fetching packet for removed entity bcs['Netherrack'/49818, l='ServerLevel[litcraft]', x=201.42, y=16.60, z=150.36]
[13:04:11] [Server thread/WARN]: Fetching packet for removed entity bcs['Gold Nugget'/49819, l='ServerLevel[litcraft]', x=204.75, y=16.59, z=153.30]
[13:04:11] [Server thread/WARN]: Fetching packet for removed entity bcs['Netherrack'/49820, l='ServerLevel[litcraft]', x=202.59, y=16.49, z=150.44]
[13:04:11] [Server thread/WARN]: Fetching packet for removed entity bcs['Netherrack'/49821, l='ServerLevel[litcraft]', x=200.38, y=15.45, z=151.48]
[13:04:11] [Server thread/WARN]: Fetching packet for removed entity bcs['Netherrack'/49822, l='ServerLevel[litcraft]', x=200.51, y=15.37, z=152.46]
[13:04:11] [Server thread/WARN]: Fetching packet for removed entity bcs['Netherrack'/49823, l='ServerLevel[litcraft]', x=202.50, y=12.56, z=154.65]
[13:04:11] [Server thread/WARN]: Fetching packet for removed entity bcs['Netherrack'/49824, l='ServerLevel[litcraft]', x=200.57, y=13.38, z=154.67]
[13:04:11] [Server thread/WARN]: Fetching packet for removed entity bcs['Netherrack'/49825, l='ServerLevel[litcraft]', x=203.26, y=16.28, z=152.72]
[13:04:11] [Server thread/WARN]: Can't keep up! Is the server overloaded? Running 12124ms or 242 ticks behind
[13:04:14] [Server thread/WARN]: Fetching packet for removed entity bcs['Netherrack'/50037, l='ServerLevel[litcraft]', x=207.38, y=8.68, z=167.62]
[13:04:17] [Server thread/WARN]: Fetching packet for removed entity bcs['Netherrack'/50252, l='ServerLevel[litcraft]', x=203.68, y=12.45, z=180.62]
[13:04:17] [Server thread/WARN]: Fetching packet for removed entity bcs['Netherrack'/50253, l='ServerLevel[litcraft]', x=207.71, y=13.61, z=181.25]
[13:04:17] [Server thread/WARN]: Fetching packet for removed entity bcs['Netherrack'/50257, l='ServerLevel[litcraft]', x=206.41, y=16.46, z=178.31]
[13:04:17] [Server thread/WARN]: Fetching packet for removed entity bcs['Netherrack'/50258, l='ServerLevel[litcraft]', x=204.42, y=13.52, z=179.63]
[13:04:17] [Server thread/WARN]: Fetching packet for removed entity bcs['Netherrack'/50261, l='ServerLevel[litcraft]', x=207.27, y=13.26, z=179.58]
[13:04:17] [Server thread/WARN]: Fetching packet for removed entity bcs['Netherrack'/50263, l='ServerLevel[litcraft]', x=203.41, y=17.29, z=176.50]
[13:04:17] [Server thread/WARN]: Fetching packet for removed entity bcs['Blackstone'/50285, l='ServerLevel[litcraft]', x=206.52, y=11.37, z=180.27]
[13:04:17] [Server thread/WARN]: Fetching packet for removed entity bcs['Nether Quartz'/50288, l='ServerLevel[litcraft]', x=210.34, y=16.63, z=176.30]
[13:04:17] [Server thread/WARN]: Fetching packet for removed entity bcs['Blackstone'/50291, l='ServerLevel[litcraft]', x=210.47, y=13.40, z=177.26]
[13:04:17] [Server thread/WARN]: Fetching packet for removed entity bcs['Netherrack'/50292, l='ServerLevel[litcraft]', x=210.32, y=16.39, z=178.49]
[13:04:18] [Server thread/WARN]: Fetching packet for removed entity bcs['Netherrack'/50343, l='ServerLevel[litcraft]', x=198.68, y=8.56, z=178.64]
[13:04:18] [Server thread/WARN]: Fetching packet for removed entity bcs['Netherrack'/50345, l='ServerLevel[litcraft]', x=199.65, y=9.33, z=180.29]
[13:04:18] [Server thread/WARN]: Fetching packet for removed entity bcs['Air'/50375, l='ServerLevel[litcraft]', x=210.59, y=12.74, z=181.44]
[13:04:20] [Server thread/WARN]: Fetching packet for removed entity bcs['Netherrack'/50487, l='ServerLevel[litcraft]', x=209.46, y=15.40, z=188.72]
[13:04:20] [Server thread/WARN]: Fetching packet for removed entity bcs['Netherrack'/50488, l='ServerLevel[litcraft]', x=204.57, y=10.29, z=190.53]
[13:04:20] [Server thread/WARN]: Fetching packet for removed entity bcs['Netherrack'/50489, l='ServerLevel[litcraft]', x=205.61, y=15.70, z=188.38]
[13:04:20] [Server thread/WARN]: Fetching packet for removed entity bcs['Netherrack'/50490, l='ServerLevel[litcraft]', x=209.68, y=14.68, z=187.33]
[13:04:20] [Server thread/WARN]: Fetching packet for removed entity bcs['Netherrack'/50491, l='ServerLevel[litcraft]', x=208.68, y=15.60, z=190.65]
[13:04:20] [Server thread/WARN]: Fetching packet for removed entity bcs['Netherrack'/50492, l='ServerLevel[litcraft]', x=205.48, y=14.35, z=191.44]
[13:04:20] [Server thread/WARN]: Fetching packet for removed entity bcs['Netherrack'/50493, l='ServerLevel[litcraft]', x=208.54, y=11.61, z=189.47]
[13:04:20] [Server thread/WARN]: Fetching packet for removed entity bcs['Netherrack'/50494, l='ServerLevel[litcraft]', x=205.63, y=15.61, z=190.64]
[13:04:20] [Server thread/WARN]: Fetching packet for removed entity bcs['Netherrack'/50496, l='ServerLevel[litcraft]', x=210.52, y=12.49, z=188.56]
[13:04:20] [Server thread/WARN]: Fetching packet for removed entity bcs['Netherrack'/50497, l='ServerLevel[litcraft]', x=209.74, y=12.26, z=190.33]
[13:04:20] [Server thread/WARN]: Fetching packet for removed entity bcs['Netherrack'/50498, l='ServerLevel[litcraft]', x=206.49, y=10.27, z=188.42]
[13:04:20] [Server thread/WARN]: Fetching packet for removed entity bcs['Netherrack'/50499, l='ServerLevel[litcraft]', x=208.57, y=11.52, z=187.39]
[13:04:27] [Server thread/WARN]: Fetching packet for removed entity bcs['Netherrack'/50874, l='ServerLevel[litcraft]', x=210.65, y=15.53, z=203.29]
[13:04:27] [Server thread/WARN]: Fetching packet for removed entity bcs['Netherrack'/50875, l='ServerLevel[litcraft]', x=207.71, y=17.54, z=203.41]
[13:04:27] [Server thread/WARN]: Fetching packet for removed entity bcs['Netherrack'/50877, l='ServerLevel[litcraft]', x=209.69, y=16.73, z=203.25]
[13:04:27] [Server thread/WARN]: Fetching packet for removed entity bcs['Netherrack'/50878, l='ServerLevel[litcraft]', x=212.34, y=12.60, z=202.38]
[13:04:27] [Server thread/WARN]: Fetching packet for removed entity bcs['Netherrack'/50880, l='ServerLevel[litcraft]', x=209.46, y=16.36, z=202.36]
[13:04:27] [Server thread/WARN]: Fetching packet for removed entity bcs['Netherrack'/50881, l='ServerLevel[litcraft]', x=204.68, y=15.71, z=203.59]
[13:04:27] [Server thread/WARN]: Fetching packet for removed entity bcs['Netherrack'/50882, l='ServerLevel[litcraft]', x=203.29, y=17.49, z=200.68]
[13:04:27] [Server thread/WARN]: Fetching packet for removed entity bcs['Netherrack'/50884, l='ServerLevel[litcraft]', x=204.31, y=16.67, z=201.62]
[13:04:27] [Server thread/WARN]: Fetching packet for removed entity bcs['Netherrack'/50886, l='ServerLevel[litcraft]', x=208.31, y=16.65, z=203.50]
[13:04:27] [Server thread/WARN]: Fetching packet for removed entity bcs['Netherrack'/50887, l='ServerLevel[litcraft]', x=206.55, y=15.66, z=204.49]
[13:04:27] [Server thread/WARN]: Fetching packet for removed entity bcs['Netherrack'/50888, l='ServerLevel[litcraft]', x=208.40, y=18.54, z=200.74]
[13:04:27] [Server thread/WARN]: Fetching packet for removed entity bcs['Netherrack'/50889, l='ServerLevel[litcraft]', x=206.31, y=16.59, z=204.62]
[13:04:29] [Server thread/WARN]: Fetching packet for removed entity bcs['Netherrack'/50989, l='ServerLevel[litcraft]', x=207.32, y=14.60, z=209.54]
[13:04:29] [Server thread/WARN]: Fetching packet for removed entity bcs['Netherrack'/50990, l='ServerLevel[litcraft]', x=204.33, y=16.45, z=207.42]
[13:04:29] [Server thread/WARN]: Fetching packet for removed entity bcs['Netherrack'/50991, l='ServerLevel[litcraft]', x=205.53, y=11.44, z=210.38]
[13:04:29] [Server thread/WARN]: Fetching packet for removed entity bcs['Netherrack'/50994, l='ServerLevel[litcraft]', x=203.65, y=15.29, z=208.45]
[13:04:29] [Server thread/WARN]: Fetching packet for removed entity bcs['Netherrack'/50998, l='ServerLevel[litcraft]', x=202.56, y=16.72, z=204.27]
[13:04:29] [Server thread/WARN]: Fetching packet for removed entity bcs['Netherrack'/50999, l='ServerLevel[litcraft]', x=202.35, y=11.53, z=207.32]
[13:04:29] [Server thread/WARN]: Fetching packet for removed entity bcs['Netherrack'/51002, l='ServerLevel[litcraft]', x=205.66, y=12.65, z=210.35]
[13:04:29] [Server thread/WARN]: Fetching packet for removed entity bcs['Netherrack'/51003, l='ServerLevel[litcraft]', x=205.53, y=17.63, z=205.57]
[13:04:29] [Server thread/WARN]: Fetching packet for removed entity bcs['Netherrack'/51004, l='ServerLevel[litcraft]', x=205.34, y=13.57, z=208.46]
[13:04:29] [Server thread/WARN]: Fetching packet for removed entity bcs['Netherrack'/51005, l='ServerLevel[litcraft]', x=204.49, y=13.58, z=209.44]
[13:04:30] [Server thread/WARN]: Fetching packet for removed entity bcs['Netherrack'/51077, l='ServerLevel[litcraft]', x=202.60, y=15.43, z=210.45]
[13:04:30] [Server thread/WARN]: Fetching packet for removed entity bcs['Netherrack'/51081, l='ServerLevel[litcraft]', x=201.75, y=10.71, z=209.52]
[13:04:30] [Server thread/WARN]: Fetching packet for removed entity bcs['Netherrack'/51082, l='ServerLevel[litcraft]', x=205.56, y=15.67, z=214.33]
[13:04:30] [Server thread/WARN]: Fetching packet for removed entity bcs['Netherrack'/51084, l='ServerLevel[litcraft]', x=204.53, y=9.60, z=215.53]
[13:04:30] [Server thread/WARN]: Fetching packet for removed entity bcs['Netherrack'/51087, l='ServerLevel[litcraft]', x=206.67, y=9.61, z=215.37]
[13:04:30] [Server thread/WARN]: Fetching packet for removed entity bcs['Netherrack'/51088, l='ServerLevel[litcraft]', x=203.70, y=10.54, z=214.42]
[13:04:30] [Server thread/WARN]: Fetching packet for removed entity bcs['Netherrack'/51091, l='ServerLevel[litcraft]', x=206.71, y=12.71, z=214.28]
[13:04:31] [Server thread/WARN]: Fetching packet for removed entity bcs['Netherrack'/51146, l='ServerLevel[litcraft]', x=197.68, y=12.39, z=204.55]
[13:04:31] [Server thread/WARN]: Fetching packet for removed entity bcs['Gold Nugget'/51147, l='ServerLevel[litcraft]', x=199.53, y=15.40, z=201.26]
[13:04:31] [Server thread/WARN]: Fetching packet for removed entity bcs['Netherrack'/51148, l='ServerLevel[litcraft]', x=198.47, y=13.57, z=208.58]
[13:04:31] [Server thread/WARN]: Fetching packet for removed entity bcs['Netherrack'/51149, l='ServerLevel[litcraft]', x=198.46, y=8.38, z=206.60]
[13:04:31] [Server thread/WARN]: Fetching packet for removed entity bcs['Netherrack'/51150, l='ServerLevel[litcraft]', x=197.32, y=13.68, z=204.42]
[13:04:31] [Server thread/WARN]: Fetching packet for removed entity bcs['Netherrack'/51151, l='ServerLevel[litcraft]', x=198.61, y=12.69, z=203.44]
[13:04:31] [Server thread/WARN]: Fetching packet for removed entity bcs['Netherrack'/51152, l='ServerLevel[litcraft]', x=198.53, y=14.63, z=206.32]
[13:04:31] [Server thread/WARN]: Fetching packet for removed entity bcs['Netherrack'/51153, l='ServerLevel[litcraft]', x=197.68, y=7.54, z=202.27]
[13:04:31] [Server thread/WARN]: Fetching packet for removed entity bcs['Netherrack'/51154, l='ServerLevel[litcraft]', x=198.64, y=14.63, z=202.49]
[13:04:31] [Server thread/WARN]: Fetching packet for removed entity bcs['Netherrack'/51155, l='ServerLevel[litcraft]', x=197.51, y=13.26, z=205.71]
[13:04:31] [Server thread/WARN]: Fetching packet for removed entity bcs['Netherrack'/51157, l='ServerLevel[litcraft]', x=196.45, y=12.64, z=205.37]
[13:04:35] [Server thread/WARN]: Fetching packet for removed entity bcs['Netherrack'/51283, l='ServerLevel[litcraft]', x=199.56, y=16.56, z=217.74]
[13:04:35] [Server thread/WARN]: Fetching packet for removed entity bcs['Nether Quartz'/51287, l='ServerLevel[litcraft]', x=201.51, y=17.33, z=218.38]
[13:04:35] [Server thread/WARN]: Fetching packet for removed entity bcs['Netherrack'/51294, l='ServerLevel[litcraft]', x=199.65, y=14.45, z=221.60]
[13:04:42] [Server thread/INFO]: <mastergenjutsu> mast jagah ha
[13:04:46] [Server thread/INFO]: <insayn> kaunsi
[13:04:49] [Server thread/INFO]: <pigmeister> gryffindor ki jagah
[13:04:49] [Server thread/WARN]: Can't keep up! Is the server overloaded? Running 22970ms or 459 ticks behind
[13:04:53] [Server thread/INFO]: <insayn> acha
[13:05:23] [Server thread/WARN]: Can't keep up! Is the server overloaded? Running 18877ms or 377 ticks behind
[13:05:35] [Server thread/INFO]: <pigmeister> idhar ji
[13:05:36] [Server thread/INFO]: <gryffindor_001> aa lag kyun ho rha
[13:05:43] [Server thread/INFO]: <gryffindor_001> kisi or ka ho rha kya?
[13:05:43] [Server thread/INFO]: <pigmeister> patani dekhta hu
[13:05:52] [Server thread/WARN]: Can't keep up! Is the server overloaded? Running 14223ms or 284 ticks behind
[13:06:26] [Server thread/WARN]: Can't keep up! Is the server overloaded? Running 18156ms or 363 ticks behind
[13:06:44] [Server thread/INFO]: <pigmeister> ram chil
[13:06:50] [Server thread/INFO]: <pigmeister> net chill
[13:06:53] [Server thread/INFO]: <pigmeister> both chill
[13:06:57] [Server thread/INFO]: <pigmeister> den y
[13:07:00] [Server thread/WARN]: Can't keep up! Is the server overloaded? Running 19152ms or 383 ticks behind
[13:07:08] [Server thread/INFO]: <mastergenjutsu> insayn ki jageh maine dekhi he
[13:07:14] [Server thread/INFO]: <mastergenjutsu> bhot faad bnaya tha
[13:07:24] [Server thread/INFO]: <mastergenjutsu> toilet bathtub glasses sb
[13:07:26] [Server thread/WARN]: Can't keep up! Is the server overloaded? Running 11755ms or 235 ticks behind
[13:07:35] [Server thread/INFO]: <pigmeister> ye wali dekhi hai?
[13:07:39] [Server thread/INFO]: <insayn> kya ho gaya ?
[13:07:46] [Server thread/INFO]: <insayn> mera naam sa kyu aaya beech mai
[13:07:52] [Server thread/WARN]: Can't keep up! Is the server overloaded? Running 10525ms or 210 ticks behind
[13:08:06] [Server thread/INFO]: <pigmeister> sabka zuban pe tumhara hi naam rehta h
[13:08:13] [Server thread/INFO]: <yugraj1234> famous
[13:08:13] [Server thread/INFO]: <insayn> han
[13:08:16] [Server thread/INFO]: <insayn> haan
[13:08:19] [Server thread/WARN]: Can't keep up! Is the server overloaded? Running 12433ms or 248 ticks behind
[13:08:21] [Server thread/INFO]: <insayn> zaroor
[13:08:22] [Server thread/INFO]: <gryffindor_001> areee smjh gya
[13:08:25] [Server thread/INFO]: <pigmeister> oi gryfindor interior karo thoda bsd
[13:08:30] [Server thread/INFO]: <gryffindor_001> thodi der bad aata hunt
[13:08:33] [Server thread/INFO]: <insayn> bosd gryffindor
[13:08:36] [Server thread/INFO]: <yugraj1234> hunt
[13:08:38] [Server thread/INFO]: <insayn> bosd
[13:08:40] [Server thread/INFO]: <gryffindor_001> mera laptop zyada gram ho gya h
[13:08:43] [Server thread/INFO]: <pigmeister> bosd
[13:08:45] [Server thread/WARN]: Can't keep up! Is the server overloaded? Running 10805ms or 216 ticks behind
[13:08:49] [Server thread/INFO]: <insayn> ho ho ho ho ho ho ho h
[13:08:56] [Server thread/INFO]: <gryffindor_001> bsdi tum krdo itni pdi h interior ki toh
[13:09:00] [Server thread/INFO]: gryffindor_001 lost connection: Disconnected
[13:09:00] [Server thread/INFO]: gryffindor_001 left the game
[13:09:10] [Server thread/WARN]: Can't keep up! Is the server overloaded? Running 9400ms or 188 ticks behind
[13:09:29] [Server thread/INFO]: <pigmeister> ab to batado kya kr rahe yugraj
[13:09:31] [Server thread/WARN]: Can't keep up! Is the server overloaded? Running 6156ms or 123 ticks behind
[13:09:37] [Server thread/INFO]: <yugraj1234> hidden place
[13:09:44] [Server thread/INFO]: <yugraj1234> bana rha tah
[13:09:45] [Server thread/INFO]: <insayn> are ek dena
[13:09:48] [Server thread/INFO]: <insayn> ek emerald
[13:09:49] [Server thread/INFO]: <insayn> bas ek
[13:09:49] [Server thread/INFO]: <pigmeister> are kidhar
[13:09:51] [Server thread/WARN]: Can't keep up! Is the server overloaded? Running 5037ms or 100 ticks behind
[13:10:01] [Server thread/INFO]: <yugraj1234> mere ghar pe
[13:10:13] [Server thread/WARN]: Can't keep up! Is the server overloaded? Running 6993ms or 139 ticks behind
[13:10:27] [Server thread/INFO]: mastergenjutsu fell from a high place
[13:10:27] [Server thread/INFO]: <pigmeister> bhai bistar nahi hai iske ghar pe
[13:10:31] [Server thread/INFO]: <pigmeister> kya
[13:10:34] [Server thread/WARN]: Can't keep up! Is the server overloaded? Running 6849ms or 136 ticks behind
[13:10:45] [Server thread/INFO]: <yugraj1234> kiase gire bhaia
[13:10:52] [Server thread/INFO]: <pigmeister> ye to zameen me tha
[13:10:59] [Server thread/INFO]: <yugraj1234> kha ho
[13:11:07] [Server thread/INFO]: <mastergenjutsu> are gryfindor ne kuch khod rakha he
[13:11:09] [Server thread/WARN]: Can't keep up! Is the server overloaded? Running 19444ms or 388 ticks behind
[13:11:09] [Server thread/INFO]: <pigmeister> tum batao
[13:11:12] [Server thread/INFO]: <mastergenjutsu> udhar gir gya
[13:11:31] [Server thread/INFO]: <insayn> ghast ki ma ki choot
[13:11:35] [Server thread/INFO]: <mastergenjutsu> arre yaar
[13:11:46] [Server thread/WARN]: Can't keep up! Is the server overloaded? Running 21660ms or 433 ticks behind
[13:12:07] [Server thread/INFO]: <pigmeister> master ko teri secret jagah pata chlne wali h
[13:12:14] [Server thread/INFO]: [pigmeister: Teleported mastergenjutsu to yugraj1234]
[13:12:18] [Server thread/WARN]: Can't keep up! Is the server overloaded? Running 17298ms or 345 ticks behind
[13:12:25] [Server thread/INFO]: <mastergenjutsu> eww
[13:12:28] [Server thread/INFO]: <yugraj1234> nipun kah
[13:12:43] [Server thread/INFO]: <mastergenjutsu> samaan le aao
[13:12:43] [Server thread/INFO]: <pigmeister> bhai eww keh dia tere jagah ko
[13:12:45] [Server thread/WARN]: Can't keep up! Is the server overloaded? Running 11757ms or 235 ticks behind
[13:12:56] [Server thread/INFO]: <mastergenjutsu> arew mwwwawwin nhi likh rha ye
[13:13:02] [Server thread/INFO]: <yugraj1234> kaha gire the
[13:13:11] [Server thread/WARN]: Can't keep up! Is the server overloaded? Running 11037ms or 220 ticks behind
[13:13:16] [Server thread/INFO]: <pigmeister> saman hi nahi tha ispe shayad
[13:13:20] [Server thread/INFO]: <pigmeister> tha kya?
[13:13:20] [Server thread/INFO]: <yugraj1234> oo
[13:13:34] [Server thread/INFO]: <mastergenjutsu> ye bache ko nunecraft khelna tha
[13:13:35] [Server thread/WARN]: Can't keep up! Is the server overloaded? Running 9990ms or 199 ticks behind
[13:13:42] [Server thread/INFO]: <mastergenjutsu> vo ulta seedha likh rha
[13:14:00] [Server thread/INFO]: <insayn> kya hora tumhara teeno ka
[13:14:00] [Server thread/WARN]: Can't keep up! Is the server overloaded? Running 9766ms or 195 ticks behind
[13:14:10] [Server thread/INFO]: <yugraj1234> nipun yaha hi hi nhi
[13:14:22] [Server thread/INFO]: <pigmeister> bhai mai to bada confused sa hu chal kya rha hai aj
[13:14:23] [Server thread/WARN]: Can't keep up! Is the server overloaded? Running 7570ms or 151 ticks behind
[13:14:40] [Server thread/INFO]: <insayn> aaaaaaa bahut faad gana
[13:14:42] [Server thread/INFO]: <insayn> kaun lagaya
[13:14:44] [Server thread/INFO]: <insayn> joji run
[13:14:49] [Server thread/WARN]: Can't keep up! Is the server overloaded? Running 11664ms or 233 ticks behind
[13:14:50] [Server thread/INFO]: <pigmeister> boobs
[13:15:08] [Server thread/INFO]: <insayn> nice boobs
[13:15:09] [Server thread/INFO]: <yugraj1234> are siddham tera bhai hai kya
[13:15:15] [Server thread/WARN]: Can't keep up! Is the server overloaded? Running 10874ms or 217 ticks behind
[13:15:33] [Server thread/INFO]: <mastergenjutsu> HA
[13:15:38] [Server thread/WARN]: Can't keep up! Is the server overloaded? Running 8145ms or 162 ticks behind
[13:15:39] [Server thread/INFO]: <pigmeister> aaaaa
[13:15:41] [Server thread/INFO]: <yugraj1234> kyahi nipun
[13:15:45] [Server thread/INFO]: <insayn> hain ?
[13:15:45] [Server thread/INFO]: <yugraj1234> bacche ke samne
[13:15:48] [Server thread/INFO]: <insayn> kaun kiska bhai ?
[13:15:51] [Server thread/INFO]: <pigmeister> kyahu insayn
[13:15:52] [Server thread/INFO]: <yugraj1234> ye sab likhoge
[13:15:53] [Server thread/INFO]: <mastergenjutsu> IDHAR dekho yugraj
[13:16:00] [Server thread/WARN]: Can't keep up! Is the server overloaded? Running 6530ms or 130 ticks behind
[13:16:01] [Server thread/INFO]: <yugraj1234> ruko
[13:16:20] [Server thread/WARN]: Can't keep up! Is the server overloaded? Running 5504ms or 110 ticks behind
[13:16:43] [Server thread/WARN]: Can't keep up! Is the server overloaded? Running 7364ms or 147 ticks behind
[13:17:04] [Server thread/WARN]: Can't keep up! Is the server overloaded? Running 6472ms or 129 ticks behind
[13:17:09] [Server thread/INFO]: <pigmeister> are gryfindor ko kya kya bola tha
[13:17:10] [Server thread/INFO]: <pigmeister> aree
[13:17:27] [Server thread/WARN]: Can't keep up! Is the server overloaded? Running 7974ms or 159 ticks behind
[13:17:32] [Server thread/INFO]: <yugraj1234> sirf lakdi aur khana hai
[13:17:36] [Server thread/INFO]: <pigmeister> muje bhi batai secret jagah
[13:17:38] [Server thread/INFO]: <yugraj1234> kyahi karoge leke
[13:17:46] [Server thread/INFO]: <pigmeister> batao
[13:17:52] [Server thread/WARN]: Can't keep up! Is the server overloaded? Running 10315ms or 206 ticks behind
[13:18:02] [Server thread/INFO]: <pigmeister> batao bhai
[13:18:09] [Server thread/INFO]: <yugraj1234> kyahi
[13:18:17] [Server thread/INFO]: <pigmeister> batao sa
[13:18:18] [Server thread/WARN]: Can't keep up! Is the server overloaded? Running 10736ms or 214 ticks behind
[13:18:30] [Server thread/INFO]: <yugraj1234> are abhi sirf rasta bana hai
[13:18:34] [Server thread/INFO]: <yugraj1234> jagah nhi bani
[13:18:38] [Server thread/INFO]: <pigmeister> rasta hi batado
[13:18:44] [Server thread/WARN]: Can't keep up! Is the server overloaded? Running 10659ms or 213 ticks behind
[13:18:45] [Server thread/INFO]: <yugraj1234> mere ghar aow
[13:19:04] [Server thread/INFO]: <pigmeister> fir
[13:19:08] [Server thread/WARN]: Can't keep up! Is the server overloaded? Running 9058ms or 181 ticks behind
[13:19:11] [Server thread/INFO]: <yugraj1234> dhundo ab
[13:19:15] [Server thread/INFO]: <pigmeister> aree
[13:19:16] [Server thread/INFO]: <yugraj1234> kuch todna mat
[13:19:21] [Server thread/INFO]: <yugraj1234> cheating nhi
[13:19:30] [Server thread/WARN]: Can't keep up! Is the server overloaded? Running 7492ms or 149 ticks behind
[13:19:32] [Server thread/INFO]: <yugraj1234> ao bhai siddham
[13:19:33] [Server thread/INFO]: _cirius[/0:0:0:0:0:0:0:1:64185] logged in with entity id 57806 at (-1281.7500619895336, 83.0, 1077.7383764772585)
[13:19:33] [Server thread/INFO]: _cirius joined the game
[13:19:39] [Server thread/INFO]: <pigmeister> thalo
[13:19:40] [Server thread/INFO]: <pigmeister> halo
[13:19:43] [Server thread/INFO]: <insayn> halo
[13:19:43] [Server thread/INFO]: <yugraj1234> halo
[13:19:56] [Server thread/WARN]: Can't keep up! Is the server overloaded? Running 10687ms or 213 ticks behind
[13:20:10] [Server thread/INFO]: yugraj1234 lost connection: Timed out
[13:20:10] [Server thread/INFO]: yugraj1234 left the game
[13:20:14] [Server thread/INFO]: mastergenjutsu lost connection: Disconnected
[13:20:14] [Server thread/INFO]: mastergenjutsu left the game
[13:20:14] [Server thread/INFO]: insayn lost connection: Disconnected
[13:20:14] [Server thread/INFO]: insayn left the game
[13:20:14] [Server thread/INFO]: _cirius lost connection: Disconnected
[13:20:14] [Server thread/INFO]: _cirius left the game
[13:20:18] [Server thread/WARN]: Can't keep up! Is the server overloaded? Running 7103ms or 142 ticks behind
[13:22:10] [Server thread/INFO]: insayn[/0:0:0:0:0:0:0:1:64257] logged in with entity id 58364 at (-1646.9096870662322, 83.49090010169485, -226.783828794583)
[13:22:10] [Server thread/INFO]: insayn joined the game
[13:22:14] [Server thread/WARN]: insayn moved wrongly!
[13:22:14] [Server thread/INFO]: mastergenjutsu[/0:0:0:0:0:0:0:1:64264] logged in with entity id 58559 at (-1606.708081112238, 64.0, 681.5530988093997)
[13:22:14] [Server thread/INFO]: mastergenjutsu joined the game
[13:22:15] [Server thread/INFO]: yugraj1234[/0:0:0:0:0:0:0:1:64266] logged in with entity id 58641 at (-1598.9846064662415, 64.0, 688.7771916691659)
[13:22:15] [Server thread/INFO]: yugraj1234 joined the game
[13:22:25] [Server thread/INFO]: <pigmeister> kyu
[13:22:37] [Server thread/INFO]: <insayn> bhai
[13:22:37] [Server thread/INFO]: <yugraj1234> kyahi
[13:22:38] [Server thread/INFO]: <insayn> maut
[13:22:42] [Server thread/WARN]: Can't keep up! Is the server overloaded? Running 2006ms or 40 ticks behind
[13:22:45] [Server thread/INFO]: <insayn> na chale server
[13:23:00] [Server thread/WARN]: Can't keep up! Is the server overloaded? Running 3291ms or 65 ticks behind
[13:23:03] [Server thread/INFO]: <yugraj1234> lag
[13:23:11] [Server thread/INFO]: _cirius[/0:0:0:0:0:0:0:1:64276] logged in with entity id 59032 at (-1280.636051696901, 83.0, 1078.3726120651127)
[13:23:11] [Server thread/INFO]: _cirius joined the game
[13:23:20] [Server thread/WARN]: Can't keep up! Is the server overloaded? Running 5050ms or 101 ticks behind
[13:23:26] [Server thread/INFO]: <_cirius> halo
[13:23:26] [Server thread/INFO]: <insayn> aditya ke ate hi
[13:23:27] [Server thread/INFO]: <_cirius> dsasdasd
[13:23:31] [Server thread/INFO]: _cirius lost connection: Disconnected
[13:23:31] [Server thread/INFO]: _cirius left the game
[13:23:35] [Server thread/INFO]: <insayn> bhagao ise
[13:23:37] [Server thread/WARN]: Can't keep up! Is the server overloaded? Running 2078ms or 41 ticks behind
[13:23:41] [Server thread/INFO]: <yugraj1234> aaaaaaaaaaaaaaa
[13:23:57] [Server thread/WARN]: Can't keep up! Is the server overloaded? Running 5533ms or 110 ticks behind
[13:24:12] [Server thread/INFO]: <yugraj1234> laaaaaaag
[13:24:17] [Server thread/WARN]: Can't keep up! Is the server overloaded? Running 4872ms or 97 ticks behind
[13:24:18] [Server thread/INFO]: <mastergenjutsu> CREATIVE
[13:24:18] [Server thread/INFO]: _cirius[/0:0:0:0:0:0:0:1:64293] logged in with entity id 59572 at (-1283.699999988079, 83.0, 1076.6369144966)
[13:24:18] [Server thread/INFO]: _cirius joined the game
[13:24:28] [Server thread/INFO]: <yugraj1234> kya creattive
[13:24:30] [Server thread/INFO]: <_cirius> halo
[13:24:31] [Server thread/INFO]: <mastergenjutsu> IGNORE MSGS
[13:24:33] [Server thread/INFO]: _cirius lost connection: Timed out
[13:24:33] [Server thread/INFO]: _cirius left the game
[13:24:37] [Server thread/INFO]: <yugraj1234> ok
[13:24:39] [Server thread/WARN]: Can't keep up! Is the server overloaded? Running 6628ms or 132 ticks behind
[13:24:41] [Server thread/INFO]: _cirius[/0:0:0:0:0:0:0:1:64297] logged in with entity id 59718 at (-1282.6490853965538, 85.0, 1073.7012748549114)
[13:24:41] [Server thread/INFO]: _cirius joined the game
[13:24:44] [Server thread/INFO]: <insayn> ye sala kar kya raha hai
[13:24:55] [Server thread/INFO]: <mastergenjutsu> ARE SUNO BHAI LOGO
[13:24:56] [Server thread/INFO]: _cirius lost connection: Timed out
[13:24:56] [Server thread/INFO]: _cirius left the game
[13:25:00] [Server thread/WARN]: Can't keep up! Is the server overloaded? Running 5853ms or 117 ticks behind
[13:25:00] [Server thread/INFO]: <yugraj1234> bolo
[13:25:02] [Server thread/INFO]: <pigmeister> are ab mobile data khul gaya yahi hoga ab
[13:25:06] [Server thread/INFO]: _cirius[/0:0:0:0:0:0:0:1:64301] logged in with entity id 59853 at (-1282.6490853965538, 85.0, 1073.7012748549114)
[13:25:06] [Server thread/INFO]: _cirius joined the game
[13:25:08] [Server thread/INFO]: <mastergenjutsu> ASSIGNMENT KARLIYA HE PANTH KI TEAM NE SHYD
[13:25:10] [Server thread/INFO]: <yugraj1234> kyahi
[13:25:20] [Server thread/INFO]: <pigmeister> bhai gusse me kyu bata raha
[13:25:21] [Server thread/INFO]: <yugraj1234> aaaaaaaaaaaaaaaaaaaaaaaaaaaaaaaaaaaaaa
[13:25:22] [Server thread/INFO]: _cirius lost connection: Timed out
[13:25:22] [Server thread/INFO]: _cirius left the game
[13:25:22] [Server thread/WARN]: Can't keep up! Is the server overloaded? Running 7635ms or 152 ticks behind
[13:25:23] [Server thread/INFO]: <yugraj1234> kyu
[13:25:39] [Server thread/INFO]: <yugraj1234> dhoka
[13:25:40] [Server thread/INFO]: <mastergenjutsu> AB KYA KARE
[13:25:43] [Server thread/WARN]: Can't keep up! Is the server overloaded? Running 5317ms or 106 ticks behind
[13:25:51] [Server thread/INFO]: <yugraj1234> unity ki baat karenge
[13:25:53] [Server thread/INFO]: <mastergenjutsu> SUMITA KI TEAM NE BHI
[13:26:03] [Server thread/INFO]: _cirius[/0:0:0:0:0:0:0:1:64308] logged in with entity id 60147 at (-1282.7239249345675, 85.0, 1073.5713353995482)
[13:26:03] [Server thread/INFO]: _cirius joined the game
[13:26:04] [Server thread/INFO]: <yugraj1234> kyu karte hai yaar
[13:26:05] [Server thread/WARN]: Can't keep up! Is the server overloaded? Running 7629ms or 152 ticks behind
[13:26:18] [Server thread/INFO]: _cirius lost connection: Timed out
[13:26:18] [Server thread/INFO]: _cirius left the game
[13:26:18] [Server thread/INFO]: <yugraj1234> abe isko kaho kal ana cirius ko
[13:26:30] [Server thread/WARN]: Can't keep up! Is the server overloaded? Running 9811ms or 196 ticks behind
[13:26:41] [Server thread/INFO]: _cirius[/0:0:0:0:0:0:0:1:64312] logged in with entity id 60296 at (-1283.699999988079, 83.0, 1076.4097973091907)
[13:26:41] [Server thread/INFO]: _cirius joined the game
[13:26:56] [Server thread/WARN]: Can't keep up! Is the server overloaded? Running 10748ms or 214 ticks behind
[13:27:03] [Server thread/INFO]: <pigmeister> jhaadi bhi nahi tod sakta kya?
[13:27:05] [Server thread/INFO]: <_cirius> halo
[13:27:05] [Server thread/WARN]: yugraj1234 moved too quickly! 5.489476078601911,0.0,8.631999025570849
[13:27:08] [Server thread/INFO]: <yugraj1234> laaag
[13:27:09] [Server thread/INFO]: <pigmeister> halo
[13:27:20] [Server thread/WARN]: Can't keep up! Is the server overloaded? Running 8920ms or 178 ticks behind
[13:27:45] [Server thread/WARN]: Can't keep up! Is the server overloaded? Running 10438ms or 208 ticks behind
[13:28:07] [Server thread/INFO]: <pigmeister> bhai redstone dikh raha entrance nahi milra lekin
[13:28:11] [Server thread/WARN]: Can't keep up! Is the server overloaded? Running 11136ms or 222 ticks behind
[13:28:29] [Server thread/WARN]: _cirius moved too quickly! 0.12563594473954254,-11.059707023217882,0.029806259172346472
[13:28:38] [Server thread/WARN]: Can't keep up! Is the server overloaded? Running 11506ms or 230 ticks behind
[13:28:52] [Server thread/WARN]: _cirius moved too quickly! 0.2207680226758839,1.0013359791121417,-10.161046118554623
[13:29:03] [Server thread/WARN]: Can't keep up! Is the server overloaded? Running 10379ms or 207 ticks behind
[13:29:27] [Server thread/WARN]: Can't keep up! Is the server overloaded? Running 9135ms or 182 ticks behind
[13:29:47] [Server thread/INFO]: <pigmeister> ktai na milra
[13:29:50] [Server thread/WARN]: Can't keep up! Is the server overloaded? Running 7499ms or 149 ticks behind
[13:29:59] [Server thread/INFO]: <yugraj1234> kya
[13:30:05] [Server thread/INFO]: <pigmeister> entrance
[13:30:08] [Server thread/WARN]: Can't keep up! Is the server overloaded? Running 3176ms or 63 ticks behind
[13:30:14] [Server thread/INFO]: <mastergenjutsu> ARE chod do mere bhai ko aise hee
[13:30:14] [Server thread/INFO]: insayn lost connection: Disconnected
[13:30:14] [Server thread/INFO]: insayn left the game
[13:30:15] [Server thread/INFO]: insayn[/0:0:0:0:0:0:0:1:64324] logged in with entity id 61231 at (-1672.2581292604666, 63.0, -243.33187981046612)
[13:30:15] [Server thread/INFO]: insayn joined the game
[13:30:15] [Server thread/INFO]: insayn lost connection: Disconnected
[13:30:15] [Server thread/INFO]: insayn left the game
[13:30:17] [Server thread/INFO]: insayn[/0:0:0:0:0:0:0:1:64325] logged in with entity id 61249 at (-1672.2581292604666, 63.0, -243.33187981046612)
[13:30:17] [Server thread/INFO]: insayn joined the game
[13:30:19] [Server thread/INFO]: <yugraj1234> konsa
[13:30:26] [Server thread/INFO]: <mastergenjutsu> ye kudh khel lega
[13:30:27] [Server thread/INFO]: <_cirius> laggggggggggg
[13:30:27] [Server thread/INFO]: <pigmeister> tera secret wala
[13:30:28] [Server thread/INFO]: <yugraj1234> ok
[13:30:29] [Server thread/WARN]: Can't keep up! Is the server overloaded? Running 6495ms or 129 ticks behind
[13:30:35] [Server thread/INFO]: <yugraj1234> mai jau na phir
[13:30:38] [Server thread/INFO]: <insayn> wtf is happening today
[13:30:47] [Server thread/INFO]: insayn lost connection: Timed out
[13:30:47] [Server thread/INFO]: insayn left the game
[13:30:51] [Server thread/WARN]: Can't keep up! Is the server overloaded? Running 2033ms or 40 ticks behind
[13:30:52] [Server thread/INFO]: <yugraj1234> laaaaaaag thik karo pahle
[13:30:57] [Server thread/INFO]: _cirius lost connection: Timed out
[13:30:57] [Server thread/INFO]: _cirius left the game
[13:31:00] [Server thread/INFO]: mastergenjutsu lost connection: Timed out
[13:31:00] [Server thread/INFO]: mastergenjutsu left the game
[13:31:02] [Server thread/INFO]: yugraj1234 lost connection: Timed out
[13:31:02] [Server thread/INFO]: yugraj1234 left the game
[13:31:06] [Server thread/INFO]: mastergenjutsu[/0:0:0:0:0:0:0:1:64331] logged in with entity id 61500 at (-1375.2235003374442, 68.0, 789.2927045598091)
[13:31:06] [Server thread/INFO]: mastergenjutsu joined the game
[13:31:06] [Server thread/INFO]: yugraj1234[/0:0:0:0:0:0:0:1:64332] logged in with entity id 61528 at (-1308.5233893872937, 63.88387837115535, 805.2950665159378)
[13:31:06] [Server thread/INFO]: yugraj1234 joined the game
[13:31:06] [Server thread/INFO]: _cirius[/0:0:0:0:0:0:0:1:64333] logged in with entity id 61529 at (-1204.2124787252735, 91.0, 1037.3716807853027)
[13:31:06] [Server thread/INFO]: _cirius joined the game
[13:31:07] [Server thread/INFO]: insayn[/0:0:0:0:0:0:0:1:64335] logged in with entity id 61567 at (-1672.721202455085, 63.0, -247.2494114882655)
[13:31:07] [Server thread/INFO]: insayn joined the game
[13:31:13] [Server thread/INFO]: <pigmeister> bhai mera khud ka lag ho rha mera serrver hai
[13:31:19] [Server thread/WARN]: Can't keep up! Is the server overloaded? Running 2005ms or 40 ticks behind
[13:31:21] [Server thread/INFO]: yugraj1234 lost connection: Timed out
[13:31:21] [Server thread/INFO]: yugraj1234 left the game
[13:31:21] [Server thread/INFO]: _cirius lost connection: Timed out
[13:31:21] [Server thread/INFO]: _cirius left the game
[13:31:30] [Server thread/INFO]: yugraj1234[/0:0:0:0:0:0:0:1:64341] logged in with entity id 61914 at (-1297.813883485605, 62.0, 808.5354922386513)
[13:31:30] [Server thread/INFO]: yugraj1234 joined the game
[13:31:40] [Server thread/WARN]: Can't keep up! Is the server overloaded? Running 6159ms or 123 ticks behind
[13:31:41] [Server thread/INFO]: <yugraj1234> shi karo
[13:31:47] [Server thread/WARN]: mastergenjutsu moved too quickly! -7.051915582586844,0.2522033402537289,-7.228961559166805
[13:31:47] [Server thread/INFO]: _cirius[/0:0:0:0:0:0:0:1:64342] logged in with entity id 62030 at (-1204.2124787252735, 91.0, 1037.3716807853027)
[13:31:47] [Server thread/INFO]: _cirius joined the game
[13:31:53] [Server thread/WARN]: mastergenjutsu was kicked for floating too long!
[13:31:53] [Server thread/INFO]: mastergenjutsu lost connection: Flying is not enabled on this server
[13:31:53] [Server thread/INFO]: mastergenjutsu left the game
[13:31:55] [Server thread/WARN]: yugraj1234 moved too quickly! 4.809036915957904,2.345811199737348,9.086981245315428
[13:31:59] [Server thread/WARN]: Can't keep up! Is the server overloaded? Running 3889ms or 77 ticks behind
[13:32:00] [Server thread/WARN]: yugraj1234 was kicked for floating too long!
[13:32:00] [Server thread/INFO]: yugraj1234 lost connection: Flying is not enabled on this server
[13:32:00] [Server thread/INFO]: yugraj1234 left the game
[13:32:02] [Server thread/INFO]: mastergenjutsu[/0:0:0:0:0:0:0:1:64346] logged in with entity id 62094 at (-1367.4469963077706, 69.24918707874468, 762.9049319103672)
[13:32:02] [Server thread/INFO]: mastergenjutsu joined the game
[13:32:03] [Server thread/INFO]: _cirius lost connection: Timed out
[13:32:03] [Server thread/INFO]: _cirius left the game
[13:32:07] [Server thread/INFO]: <pigmeister> are mobile data to rip hai ekdm
[13:32:18] [Server thread/WARN]: Can't keep up! Is the server overloaded? Running 4122ms or 82 ticks behind
[13:32:28] [Server thread/INFO]: insayn lost connection: Disconnected
[13:32:28] [Server thread/INFO]: insayn left the game
[13:32:28] [Server thread/INFO]: mastergenjutsu lost connection: Disconnected
[13:32:28] [Server thread/INFO]: mastergenjutsu left the game
[13:32:31] [Server thread/INFO]: yugraj1234[/0:0:0:0:0:0:0:1:64354] logged in with entity id 62282 at (-1262.7143576448143, 64.65611929347372, 854.7472196872534)
[13:32:31] [Server thread/INFO]: yugraj1234 joined the game
[13:32:34] [Server thread/INFO]: mastergenjutsu[/0:0:0:0:0:0:0:1:64357] logged in with entity id 62298 at (-1371.2807156245299, 67.0, 760.3000000119209)
[13:32:34] [Server thread/INFO]: mastergenjutsu joined the game
[13:32:36] [Server thread/WARN]: yugraj1234 was kicked for floating too long!
[13:32:36] [Server thread/INFO]: yugraj1234 lost connection: Flying is not enabled on this server
[13:32:36] [Server thread/INFO]: yugraj1234 left the game
[13:32:42] [Server thread/INFO]: <pigmeister> aaaaaaaaaaaaaaaaaaaaaaaaaaaaaaaaaaaaaaaaaaaaaaaaaaaaaaaaaaaaaa
[13:32:49] [Server thread/INFO]: mastergenjutsu lost connection: Timed out
[13:32:49] [Server thread/INFO]: mastergenjutsu left the game
[13:32:54] [Server thread/INFO]: _cirius[/0:0:0:0:0:0:0:1:64361] logged in with entity id 62477 at (-1204.2124787252735, 91.0, 1037.3716807853027)
[13:32:54] [Server thread/INFO]: _cirius joined the game
[13:32:55] [Server thread/INFO]: mastergenjutsu[/0:0:0:0:0:0:0:1:64362] logged in with entity id 62480 at (-1371.2807156245299, 67.0, 760.3000000119209)
[13:32:55] [Server thread/INFO]: mastergenjutsu joined the game
[13:32:58] [Server thread/INFO]: <pigmeister> aaaaaaaaaaaaaaaaaaaaaaaaaaaaaaa
[13:33:06] [Server thread/WARN]: Can't keep up! Is the server overloaded? Running 2007ms or 40 ticks behind
[13:33:10] [Server thread/INFO]: _cirius lost connection: Timed out
[13:33:10] [Server thread/INFO]: _cirius left the game
[13:33:10] [Server thread/INFO]: mastergenjutsu lost connection: Timed out
[13:33:10] [Server thread/INFO]: mastergenjutsu left the game
[13:33:15] [Server thread/INFO]: yugraj1234[/0:0:0:0:0:0:0:1:64374] logged in with entity id 62588 at (-1262.7143576448143, 64.65611929347372, 854.7472196872534)
[13:33:15] [Server thread/INFO]: yugraj1234 joined the game
[13:33:20] [Server thread/INFO]: <yugraj1234> kyahi
[13:33:20] [Server thread/WARN]: yugraj1234 was kicked for floating too long!
[13:33:20] [Server thread/INFO]: yugraj1234 lost connection: Flying is not enabled on this server
[13:33:20] [Server thread/INFO]: yugraj1234 left the game
[13:33:36] [Server thread/INFO]: <pigmeister> eeeeeeeeeeeeeeeeeeeeeeeeeeeeeeeeeeeeeeeeeeeeeeeeeeeeee
[13:33:39] [Server thread/INFO]: mastergenjutsu[/0:0:0:0:0:0:0:1:64414] logged in with entity id 62646 at (-1371.2807156245299, 67.0, 760.3000000119209)
[13:33:39] [Server thread/INFO]: mastergenjutsu joined the game
[13:33:59] [Server thread/WARN]: mastergenjutsu moved too quickly! 9.80241720171648,2.0013359791121417,1.130801570998301
[13:34:09] [Server thread/INFO]: mastergenjutsu lost connection: Timed out
[13:34:09] [Server thread/INFO]: mastergenjutsu left the game
[13:34:12] [Server thread/INFO]: yugraj1234[/0:0:0:0:0:0:0:1:64424] logged in with entity id 62847 at (-1262.7143576448143, 64.65611929347372, 854.7472196872534)
[13:34:12] [Server thread/INFO]: yugraj1234 joined the game
[13:34:14] [Server thread/INFO]: mastergenjutsu[/0:0:0:0:0:0:0:1:64426] logged in with entity id 62865 at (-1356.158583934603, 69.7531999805212, 762.3096317313447)
[13:34:14] [Server thread/INFO]: mastergenjutsu joined the game
[13:34:15] [Server thread/INFO]: insayn[/0:0:0:0:0:0:0:1:64427] logged in with entity id 62928 at (-1672.721202455085, 63.0, -247.2494114882655)
[13:34:15] [Server thread/INFO]: insayn joined the game
[13:34:19] [Server thread/INFO]: <yugraj1234> shi karo
[13:34:20] [Server thread/WARN]: Can't keep up! Is the server overloaded? Running 2008ms or 40 ticks behind
[13:34:30] [Server thread/INFO]: <pigmeister> kaise dadaaaaaaaaaa
[13:34:42] [Server thread/WARN]: Can't keep up! Is the server overloaded? Running 7031ms or 140 ticks behind
[13:34:44] [Server thread/INFO]: <yugraj1234> kaise bhi
[13:34:48] [Server thread/INFO]: <insayn> broadband lagwa lo
[13:35:02] [Server thread/WARN]: Can't keep up! Is the server overloaded? Running 5085ms or 101 ticks behind
[13:35:03] [Server thread/INFO]: _cirius[/0:0:0:0:0:0:0:1:64435] logged in with entity id 63467 at (-1204.2124787252735, 91.0, 1037.3716807853027)
[13:35:03] [Server thread/INFO]: _cirius joined the game
[13:35:11] [Server thread/WARN]: mastergenjutsu moved too quickly! 3.509863374608358,-1.0,9.65507761801291
[13:35:18] [Server thread/INFO]: _cirius lost connection: Timed out
[13:35:18] [Server thread/INFO]: _cirius left the game
[13:35:23] [Server thread/WARN]: Can't keep up! Is the server overloaded? Running 6019ms or 120 ticks behind
[13:35:27] [Server thread/INFO]: <yugraj1234> dekhna kya
[13:35:33] [Server thread/INFO]: <pigmeister> ye dekh dikh raha h
[13:35:43] [Server thread/WARN]: Can't keep up! Is the server overloaded? Running 5355ms or 107 ticks behind
[13:35:55] [Server thread/INFO]: <yugraj1234> aaaaaaaaaaaa
[13:36:04] [Server thread/WARN]: Can't keep up! Is the server overloaded? Running 6222ms or 124 ticks behind
[13:36:07] [Server thread/INFO]: <yugraj1234> idhar
[13:36:08] [Server thread/INFO]: <pigmeister> par entrance nahi mila fir bhi
[13:36:16] [Server thread/INFO]: <yugraj1234> idhar be
[13:36:26] [Server thread/INFO]: <pigmeister> are kyahi
[13:36:26] [Server thread/WARN]: Can't keep up! Is the server overloaded? Running 7216ms or 144 ticks behind
[13:36:45] [Server thread/INFO]: _cirius[/0:0:0:0:0:0:0:1:64439] logged in with entity id 64118 at (-1204.2124787252735, 91.0, 1037.3716807853027)
[13:36:45] [Server thread/INFO]: _cirius joined the game
[13:36:47] [Server thread/WARN]: Can't keep up! Is the server overloaded? Running 5787ms or 115 ticks behind
[13:36:54] [Server thread/WARN]: insayn moved too quickly! -3.380674184503505,-1.942410838620063,17.397152285676967
[13:36:54] [Server thread/WARN]: mastergenjutsu moved too quickly! 9.453242994802622,0.7967356006687112,-3.6126827598046702
[13:37:00] [Server thread/INFO]: _cirius lost connection: Timed out
[13:37:00] [Server thread/INFO]: _cirius left the game
[13:37:09] [Server thread/WARN]: Can't keep up! Is the server overloaded? Running 6503ms or 130 ticks behind
[13:37:13] [Server thread/INFO]: <insayn> ohh bhai
[13:37:21] [Server thread/INFO]: <pigmeister> nani
[13:37:24] [Server thread/INFO]: <yugraj1234> laaaag
[13:37:27] [Server thread/WARN]: Can't keep up! Is the server overloaded? Running 2033ms or 40 ticks behind
[13:37:35] [Server thread/INFO]: <yugraj1234> bacaho
[13:37:43] [Server thread/INFO]: yugraj1234 lost connection: Timed out
[13:37:43] [Server thread/INFO]: yugraj1234 left the game
[13:37:47] [Server thread/WARN]: Can't keep up! Is the server overloaded? Running 5106ms or 102 ticks behind
[13:38:07] [Server thread/WARN]: Can't keep up! Is the server overloaded? Running 4628ms or 92 ticks behind
[13:38:08] [Server thread/INFO]: yugraj1234[/0:0:0:0:0:0:0:1:64451] logged in with entity id 64848 at (-1211.6338715662564, 91.0, 1033.0457836460291)
[13:38:08] [Server thread/INFO]: yugraj1234 joined the game
[13:38:11] [Server thread/WARN]: insayn moved too quickly! -2.2468343533773805,-2.8553616151648953,17.989517397097742
[13:38:23] [Server thread/INFO]: yugraj1234 lost connection: Timed out
[13:38:23] [Server thread/INFO]: yugraj1234 left the game
[13:38:30] [Server thread/WARN]: Can't keep up! Is the server overloaded? Running 2004ms or 40 ticks behind
[13:38:32] [Server thread/INFO]: yugraj1234[/0:0:0:0:0:0:0:1:64455] logged in with entity id 65109 at (-1211.6338715662564, 91.0, 1033.0457836460291)
[13:38:32] [Server thread/INFO]: yugraj1234 joined the game
[13:38:41] [Server thread/INFO]: insayn lost connection: Disconnected
[13:38:41] [Server thread/INFO]: insayn left the game
[13:38:48] [Server thread/INFO]: yugraj1234 lost connection: Timed out
[13:38:48] [Server thread/INFO]: yugraj1234 left the game
[13:38:48] [Server thread/WARN]: Can't keep up! Is the server overloaded? Running 2672ms or 53 ticks behind
[13:38:49] [Server thread/INFO]: insayn[/0:0:0:0:0:0:0:1:64457] logged in with entity id 65228 at (-1821.4793755784126, 62.36070367032106, 9.6690657458225)
[13:38:49] [Server thread/INFO]: insayn joined the game
[13:38:51] [Server thread/INFO]: mastergenjutsu lost connection: Disconnected
[13:38:51] [Server thread/INFO]: mastergenjutsu left the game
[13:38:51] [Server thread/INFO]: insayn lost connection: Disconnected
[13:38:51] [Server thread/INFO]: insayn left the game
[13:38:55] [Server thread/INFO]: mastergenjutsu[/0:0:0:0:0:0:0:1:64459] logged in with entity id 65357 at (-1278.4054350695135, 64.0, 764.2354262129196)
[13:38:55] [Server thread/INFO]: mastergenjutsu joined the game
[13:39:09] [Server thread/INFO]: yugraj1234[/0:0:0:0:0:0:0:1:64468] logged in with entity id 65465 at (-1211.6338715662564, 91.0, 1033.0457836460291)
[13:39:09] [Server thread/INFO]: yugraj1234 joined the game
[13:39:10] [Server thread/INFO]: insayn[/0:0:0:0:0:0:0:1:64470] logged in with entity id 65466 at (-1821.4793755784126, 62.36070367032106, 9.6690657458225)
[13:39:10] [Server thread/INFO]: insayn joined the game
[13:39:20] [Server thread/WARN]: Can't keep up! Is the server overloaded? Running 2028ms or 40 ticks behind
[13:39:33] [Server thread/INFO]: <yugraj1234> mast na
[13:39:34] [Server thread/INFO]: <pigmeister> bhai aj nahi ho paega rehne do aj
[13:39:38] [Server thread/WARN]: Can't keep up! Is the server overloaded? Running 2790ms or 55 ticks behind
[13:39:45] [Server thread/INFO]: <yugraj1234> batana mat
[13:39:50] [Server thread/INFO]: <yugraj1234> gryffin ko
[13:39:51] [Server thread/INFO]: <pigmeister> bataenge
[13:39:55] [Server thread/WARN]: Can't keep up! Is the server overloaded? Running 2843ms or 56 ticks behind
[13:40:02] [Server thread/INFO]: <yugraj1234> nhi bhai
[13:40:06] [Server thread/INFO]: _cirius[/0:0:0:0:0:0:0:1:64472] logged in with entity id 66038 at (-1204.2124787252735, 91.0, 1037.3716807853027)
[13:40:06] [Server thread/INFO]: _cirius joined the game
[13:40:09] [Server thread/INFO]: <insayn> mujhe to batao
[13:40:15] [Server thread/WARN]: Can't keep up! Is the server overloaded? Running 4888ms or 97 ticks behind
[13:40:21] [Server thread/INFO]: _cirius lost connection: Timed out
[13:40:21] [Server thread/INFO]: _cirius left the game
[13:40:25] [Server thread/INFO]: <yugraj1234> kyahi
[13:40:35] [Server thread/WARN]: Can't keep up! Is the server overloaded? Running 5151ms or 103 ticks behind
[13:40:48] [Server thread/INFO]: <pigmeister> bhai aisi halaat me khelna continue rakhna chahte ho kya
[13:40:54] [Server thread/INFO]: <yugraj1234> nhi yaar
[13:40:56] [Server thread/WARN]: Can't keep up! Is the server overloaded? Running 5503ms or 110 ticks behind
[13:40:58] [Server thread/INFO]: <yugraj1234> aaj rhne dete
[13:40:58] [Server thread/INFO]: <insayn> na be
[13:41:02] [Server thread/INFO]: <insayn> han
[13:41:09] [Server thread/INFO]: <yugraj1234> bye bye
[13:41:13] [Server thread/INFO]: <pigmeister> buy
[13:41:15] [Server thread/WARN]: Can't keep up! Is the server overloaded? Running 3735ms or 74 ticks behind
[13:41:16] [Server thread/INFO]: <yugraj1234> band karo
[13:41:23] [Server thread/INFO]: <insayn> broadband lagwao
[13:41:27] [Server thread/INFO]: <pigmeister> so bhai
[13:41:33] [Server thread/WARN]: Can't keep up! Is the server overloaded? Running 3717ms or 74 ticks behind
[13:41:34] [Server thread/INFO]: _cirius[/0:0:0:0:0:0:0:1:64475] logged in with entity id 66527 at (-1204.2124787252735, 91.0, 1037.3716807853027)
[13:41:34] [Server thread/INFO]: _cirius joined the game
[13:41:35] [Server thread/INFO]: <yugraj1234> server band karo
